#
# There is insufficient memory for the Java Runtime Environment to continue.
# Native memory allocation (mmap) failed to map 165675008 bytes for committing reserved memory.
# Possible reasons:
#   The system is out of physical RAM or swap space
#   In 32 bit mode, the process size limit was hit
# Possible solutions:
#   Reduce memory load on the system
#   Increase physical memory or swap space
#   Check if swap backing store is full
#   Use 64 bit Java on a 64 bit OS
#   Decrease Java heap size (-Xmx/-Xms)
#   Decrease number of Java threads
#   Decrease Java thread stack sizes (-Xss)
#   Set larger code cache with -XX:ReservedCodeCacheSize=
# This output file may be truncated or incomplete.
#
#  Out of Memory Error (os_linux.cpp:2627), pid=12215, tid=140601864533760
#
# JRE version: Java(TM) SE Runtime Environment (8.0_91-b14) (build 1.8.0_91-b14)
# Java VM: Java HotSpot(TM) 64-Bit Server VM (25.91-b14 mixed mode linux-amd64 compressed oops)
# Failed to write core dump. Core dumps have been disabled. To enable core dumping, try "ulimit -c unlimited" before starting Java again
#

---------------  T H R E A D  ---------------

Current thread (0x00007fe080078000):  VMThread [stack: 0x00007fe06c20b000,0x00007fe06c30c000] [id=12224]

Stack: [0x00007fe06c20b000,0x00007fe06c30c000],  sp=0x00007fe06c30a1a0,  free space=1020k
Native frames: (J=compiled Java code, j=interpreted, Vv=VM code, C=native code)
V  [libjvm.so+0xabc18a]  VMError::report_and_die()+0x2ba
V  [libjvm.so+0x4fafeb]  report_vm_out_of_memory(char const*, int, unsigned long, VMErrorType, char const*)+0x8b
V  [libjvm.so+0x91cbb3]  os::Linux::commit_memory_impl(char*, unsigned long, bool)+0x103
V  [libjvm.so+0x91d109]  os::pd_commit_memory(char*, unsigned long, unsigned long, bool)+0x29
V  [libjvm.so+0x91740a]  os::commit_memory(char*, unsigned long, unsigned long, bool)+0x2a
V  [libjvm.so+0x98b033]  PSVirtualSpace::expand_by(unsigned long)+0x53
V  [libjvm.so+0x98c438]  PSYoungGen::resize_generation(unsigned long, unsigned long)+0xf8
V  [libjvm.so+0x98b592]  PSYoungGen::resize(unsigned long, unsigned long)+0x22
V  [libjvm.so+0x98886b]  PSScavenge::invoke_no_policy()+0xf3b
V  [libjvm.so+0x988ff1]  PSScavenge::invoke()+0x41
V  [libjvm.so+0x9408b0]  ParallelScavengeHeap::failed_mem_allocate(unsigned long)+0x70
V  [libjvm.so+0xabdba7]  VM_ParallelGCFailedAllocation::doit()+0x97
V  [libjvm.so+0xac55d5]  VM_Operation::evaluate()+0x55
V  [libjvm.so+0xac39aa]  VMThread::evaluate_operation(VM_Operation*)+0xba
V  [libjvm.so+0xac3d2e]  VMThread::loop()+0x1ce
V  [libjvm.so+0xac41a0]  VMThread::run()+0x70
V  [libjvm.so+0x91ef78]  java_start(Thread*)+0x108

VM_Operation (0x00007fe0869c09b0): ParallelGCFailedAllocation, mode: safepoint, requested by thread 0x00007fe08000a000


---------------  P R O C E S S  ---------------

Java Threads: ( => current thread )
  0x00007fe080167800 JavaThread "pool-2-thread-4" [_thread_blocked, id=12288, stack(0x00007fe066b11000,0x00007fe066c12000)]
  0x00007fe080165800 JavaThread "pool-2-thread-3" [_thread_blocked, id=12286, stack(0x00007fe066c12000,0x00007fe066d13000)]
  0x00007fe080164800 JavaThread "pool-2-thread-2" [_thread_blocked, id=12283, stack(0x00007fe066d13000,0x00007fe066e14000)]
  0x00007fe080161800 JavaThread "pool-3-thread-1" [_thread_blocked, id=12279, stack(0x00007fe066e14000,0x00007fe066f15000)]
  0x00007fe08015f800 JavaThread "pool-2-thread-1" [_thread_blocked, id=12276, stack(0x00007fe066f15000,0x00007fe067016000)]
  0x00007fe0800c1800 JavaThread "Service Thread" daemon [_thread_blocked, id=12231, stack(0x00007fe06713c000,0x00007fe06723d000)]
  0x00007fe0800be800 JavaThread "C1 CompilerThread2" daemon [_thread_blocked, id=12230, stack(0x00007fe06723d000,0x00007fe06733e000)]
  0x00007fe0800bc800 JavaThread "C2 CompilerThread1" daemon [_thread_blocked, id=12229, stack(0x00007fe06733e000,0x00007fe06743f000)]
  0x00007fe0800ba000 JavaThread "C2 CompilerThread0" daemon [_thread_blocked, id=12228, stack(0x00007fe06743f000,0x00007fe067540000)]
  0x00007fe0800b8800 JavaThread "Signal Dispatcher" daemon [_thread_blocked, id=12227, stack(0x00007fe067540000,0x00007fe067641000)]
  0x00007fe080084000 JavaThread "Finalizer" daemon [_thread_blocked, id=12226, stack(0x00007fe06c009000,0x00007fe06c10a000)]
  0x00007fe08007f800 JavaThread "Reference Handler" daemon [_thread_blocked, id=12225, stack(0x00007fe06c10a000,0x00007fe06c20b000)]
  0x00007fe08000a000 JavaThread "main" [_thread_blocked, id=12218, stack(0x00007fe0868c2000,0x00007fe0869c3000)]

Other Threads:
=>0x00007fe080078000 VMThread [stack: 0x00007fe06c20b000,0x00007fe06c30c000] [id=12224]
  0x00007fe0800c4800 WatcherThread [stack: 0x00007fe06703b000,0x00007fe06713c000] [id=12232]

VM state:at safepoint (normal execution)

VM Mutex/Monitor currently owned by a thread:  ([mutex/lock_event])
[0x00007fe080006590] Threads_lock - owner thread: 0x00007fe080078000
[0x00007fe080006a90] Heap_lock - owner thread: 0x00007fe08000a000

Heap:
 PSYoungGen      total 125440K, used 4582K [0x00000000eab00000, 0x00000000f2a00000, 0x0000000100000000)
  eden space 120832K, 0% used [0x00000000eab00000,0x00000000eab00000,0x00000000f2100000)
  from space 4608K, 99% used [0x00000000f2100000,0x00000000f2579b70,0x00000000f2580000)
  to   space 4608K, 0% used [0x00000000f2580000,0x00000000f2580000,0x00000000f2a00000)
 ParOldGen       total 79360K, used 38890K [0x00000000c0000000, 0x00000000c4d80000, 0x00000000eab00000)
  object space 79360K, 49% used [0x00000000c0000000,0x00000000c25faa28,0x00000000c4d80000)
 Metaspace       used 6351K, capacity 7192K, committed 7424K, reserved 1056768K
  class space    used 613K, capacity 656K, committed 768K, reserved 1048576K

Card table byte_map: [0x00007fe070406000,0x00007fe070607000] byte_map_base: 0x00007fe06fe06000

Marking Bits: (ParMarkBitMap*) 0x00007fe085d95d60
 Begin Bits: [0x00007fe06deac000, 0x00007fe06eeac000)
 End Bits:   [0x00007fe06eeac000, 0x00007fe06feac000)

Polling page: 0x00007fe0869e4000

CodeCache: size=245760Kb used=6767Kb max_used=6767Kb free=238992Kb
 bounds [0x00007fe0709c7000, 0x00007fe071067000, 0x00007fe07f9c7000]
 total_blobs=2145 nmethods=1876 adapters=182
 compilation: enabled

Compilation events (10 events):
Event: 6,822 Thread 0x00007fe0800be800 2095       2       java.util.concurrent.locks.AbstractQueuedSynchronizer::setHead (16 bytes)
Event: 6,822 Thread 0x00007fe0800be800 nmethod 2095 0x00007fe0710659d0 code [0x00007fe071065b40, 0x00007fe071065cf0]
Event: 6,826 Thread 0x00007fe0800be800 2096       2       com.android.dx.cf.code.LocalVariableList$Item::access$000 (5 bytes)
Event: 6,826 Thread 0x00007fe0800be800 nmethod 2096 0x00007fe071065d90 code [0x00007fe071065ee0, 0x00007fe071066010]
Event: 6,826 Thread 0x00007fe0800be800 2097       1       com.android.dx.cf.code.LocalVariableList$Item::getSignature (5 bytes)
Event: 6,826 Thread 0x00007fe0800be800 nmethod 2097 0x00007fe0710660d0 code [0x00007fe071066220, 0x00007fe071066330]
Event: 6,826 Thread 0x00007fe0800be800 2098       2       com.android.dx.cf.code.LocalVariableList$Item::withSignature (29 bytes)
Event: 6,826 Thread 0x00007fe0800be800 nmethod 2098 0x00007fe071066390 code [0x00007fe071066500, 0x00007fe0710666e8]
Event: 6,828 Thread 0x00007fe0800be800 2099       2       com.android.dx.ssa.back.FirstFitLocalCombiningAllocator$Multiset::getAndRemoveHighestCount (63 bytes)
Event: 6,828 Thread 0x00007fe0800be800 nmethod 2099 0x00007fe071066790 code [0x00007fe071066900, 0x00007fe071066b50]

GC Heap History (9 events):
Event: 1,989 GC heap before
{Heap before GC invocations=1 (full 0):
 PSYoungGen      total 34816K, used 30208K [0x00000000eab00000, 0x00000000ed180000, 0x0000000100000000)
  eden space 30208K, 100% used [0x00000000eab00000,0x00000000ec880000,0x00000000ec880000)
  from space 4608K, 0% used [0x00000000ecd00000,0x00000000ecd00000,0x00000000ed180000)
  to   space 4608K, 0% used [0x00000000ec880000,0x00000000ec880000,0x00000000ecd00000)
 ParOldGen       total 79360K, used 0K [0x00000000c0000000, 0x00000000c4d80000, 0x00000000eab00000)
  object space 79360K, 0% used [0x00000000c0000000,0x00000000c0000000,0x00000000c4d80000)
 Metaspace       used 5678K, capacity 6640K, committed 6784K, reserved 1056768K
  class space    used 590K, capacity 616K, committed 640K, reserved 1048576K
Event: 2,013 GC heap after
Heap after GC invocations=1 (full 0):
 PSYoungGen      total 34816K, used 4473K [0x00000000eab00000, 0x00000000eef00000, 0x0000000100000000)
  eden space 30208K, 0% used [0x00000000eab00000,0x00000000eab00000,0x00000000ec880000)
  from space 4608K, 97% used [0x00000000ec880000,0x00000000eccde7d0,0x00000000ecd00000)
  to   space 4608K, 0% used [0x00000000eea80000,0x00000000eea80000,0x00000000eef00000)
 ParOldGen       total 79360K, used 8K [0x00000000c0000000, 0x00000000c4d80000, 0x00000000eab00000)
  object space 79360K, 0% used [0x00000000c0000000,0x00000000c0002000,0x00000000c4d80000)
 Metaspace       used 5678K, capacity 6640K, committed 6784K, reserved 1056768K
  class space    used 590K, capacity 616K, committed 640K, reserved 1048576K
}
Event: 2,864 GC heap before
{Heap before GC invocations=2 (full 0):
 PSYoungGen      total 34816K, used 34681K [0x00000000eab00000, 0x00000000eef00000, 0x0000000100000000)
  eden space 30208K, 100% used [0x00000000eab00000,0x00000000ec880000,0x00000000ec880000)
  from space 4608K, 97% used [0x00000000ec880000,0x00000000eccde7d0,0x00000000ecd00000)
  to   space 4608K, 0% used [0x00000000eea80000,0x00000000eea80000,0x00000000eef00000)
 ParOldGen       total 79360K, used 8K [0x00000000c0000000, 0x00000000c4d80000, 0x00000000eab00000)
  object space 79360K, 0% used [0x00000000c0000000,0x00000000c0002000,0x00000000c4d80000)
 Metaspace       used 5909K, capacity 6896K, committed 7040K, reserved 1056768K
  class space    used 592K, capacity 616K, committed 640K, reserved 1048576K
Event: 2,911 GC heap after
Heap after GC invocations=2 (full 0):
 PSYoungGen      total 65024K, used 4605K [0x00000000eab00000, 0x00000000eef00000, 0x0000000100000000)
  eden space 60416K, 0% used [0x00000000eab00000,0x00000000eab00000,0x00000000ee600000)
  from space 4608K, 99% used [0x00000000eea80000,0x00000000eeeff690,0x00000000eef00000)
  to   space 4608K, 0% used [0x00000000ee600000,0x00000000ee600000,0x00000000eea80000)
 ParOldGen       total 79360K, used 3361K [0x00000000c0000000, 0x00000000c4d80000, 0x00000000eab00000)
  object space 79360K, 4% used [0x00000000c0000000,0x00000000c0348580,0x00000000c4d80000)
 Metaspace       used 5909K, capacity 6896K, committed 7040K, reserved 1056768K
  class space    used 592K, capacity 616K, committed 640K, reserved 1048576K
}
Event: 4,032 GC heap before
{Heap before GC invocations=3 (full 0):
 PSYoungGen      total 65024K, used 65021K [0x00000000eab00000, 0x00000000eef00000, 0x0000000100000000)
  eden space 60416K, 100% used [0x00000000eab00000,0x00000000ee600000,0x00000000ee600000)
  from space 4608K, 99% used [0x00000000eea80000,0x00000000eeeff690,0x00000000eef00000)
  to   space 4608K, 0% used [0x00000000ee600000,0x00000000ee600000,0x00000000eea80000)
 ParOldGen       total 79360K, used 3361K [0x00000000c0000000, 0x00000000c4d80000, 0x00000000eab00000)
  object space 79360K, 4% used [0x00000000c0000000,0x00000000c0348580,0x00000000c4d80000)
 Metaspace       used 5948K, capacity 6896K, committed 7040K, reserved 1056768K
  class space    used 593K, capacity 616K, committed 640K, reserved 1048576K
Event: 4,129 GC heap after
Heap after GC invocations=3 (full 0):
 PSYoungGen      total 65024K, used 4577K [0x00000000eab00000, 0x00000000f2a00000, 0x0000000100000000)
  eden space 60416K, 0% used [0x00000000eab00000,0x00000000eab00000,0x00000000ee600000)
  from space 4608K, 99% used [0x00000000ee600000,0x00000000eea785e8,0x00000000eea80000)
  to   space 4608K, 0% used [0x00000000f2580000,0x00000000f2580000,0x00000000f2a00000)
 ParOldGen       total 79360K, used 11822K [0x00000000c0000000, 0x00000000c4d80000, 0x00000000eab00000)
  object space 79360K, 14% used [0x00000000c0000000,0x00000000c0b8bab0,0x00000000c4d80000)
 Metaspace       used 5948K, capacity 6896K, committed 7040K, reserved 1056768K
  class space    used 593K, capacity 616K, committed 640K, reserved 1048576K
}
Event: 5,265 GC heap before
{Heap before GC invocations=4 (full 0):
 PSYoungGen      total 65024K, used 64993K [0x00000000eab00000, 0x00000000f2a00000, 0x0000000100000000)
  eden space 60416K, 100% used [0x00000000eab00000,0x00000000ee600000,0x00000000ee600000)
  from space 4608K, 99% used [0x00000000ee600000,0x00000000eea785e8,0x00000000eea80000)
  to   space 4608K, 0% used [0x00000000f2580000,0x00000000f2580000,0x00000000f2a00000)
 ParOldGen       total 79360K, used 11822K [0x00000000c0000000, 0x00000000c4d80000, 0x00000000eab00000)
  object space 79360K, 14% used [0x00000000c0000000,0x00000000c0b8bab0,0x00000000c4d80000)
 Metaspace       used 6040K, capacity 6960K, committed 7040K, reserved 1056768K
  class space    used 593K, capacity 616K, committed 640K, reserved 1048576K
Event: 5,321 GC heap after
Heap after GC invocations=4 (full 0):
 PSYoungGen      total 125440K, used 4593K [0x00000000eab00000, 0x00000000f2a00000, 0x0000000100000000)
  eden space 120832K, 0% used [0x00000000eab00000,0x00000000eab00000,0x00000000f2100000)
  from space 4608K, 99% used [0x00000000f2580000,0x00000000f29fc5f8,0x00000000f2a00000)
  to   space 4608K, 0% used [0x00000000f2100000,0x00000000f2100000,0x00000000f2580000)
 ParOldGen       total 79360K, used 20144K [0x00000000c0000000, 0x00000000c4d80000, 0x00000000eab00000)
  object space 79360K, 25% used [0x00000000c0000000,0x00000000c13ac018,0x00000000c4d80000)
 Metaspace       used 6040K, capacity 6960K, committed 7040K, reserved 1056768K
  class space    used 593K, capacity 616K, committed 640K, reserved 1048576K
}
Event: 6,844 GC heap before
{Heap before GC invocations=5 (full 0):
 PSYoungGen      total 125440K, used 125425K [0x00000000eab00000, 0x00000000f2a00000, 0x0000000100000000)
  eden space 120832K, 100% used [0x00000000eab00000,0x00000000f2100000,0x00000000f2100000)
  from space 4608K, 99% used [0x00000000f2580000,0x00000000f29fc5f8,0x00000000f2a00000)
  to   space 4608K, 0% used [0x00000000f2100000,0x00000000f2100000,0x00000000f2580000)
 ParOldGen       total 79360K, used 20144K [0x00000000c0000000, 0x00000000c4d80000, 0x00000000eab00000)
  object space 79360K, 25% used [0x00000000c0000000,0x00000000c13ac018,0x00000000c4d80000)
 Metaspace       used 6351K, capacity 7192K, committed 7424K, reserved 1056768K
  class space    used 613K, capacity 656K, committed 768K, reserved 1048576K

Deoptimization events (10 events):
Event: 5,384 Thread 0x00007fe080165800 Uncommon trap: reason=unstable_if action=reinterpret pc=0x00007fe070eb285c method=com.android.dx.ssa.SCCP.simulateBranch(Lcom/android/dx/ssa/SsaInsn;)V @ 548
Event: 5,387 Thread 0x00007fe080165800 Uncommon trap: reason=class_check action=maybe_recompile pc=0x00007fe070d3f4ac method=java.util.HashMap.putVal(ILjava/lang/Object;Ljava/lang/Object;ZZ)Ljava/lang/Object; @ 203
Event: 5,888 Thread 0x00007fe080167800 Uncommon trap: reason=bimorphic action=maybe_recompile pc=0x00007fe070fb1e2c method=com.android.dx.rop.code.RegisterSpec.withSimpleType()Lcom/android/dx/rop/code/RegisterSpec; @ 21
Event: 5,888 Thread 0x00007fe080167800 Uncommon trap: reason=bimorphic action=maybe_recompile pc=0x00007fe070fb1e2c method=com.android.dx.rop.code.RegisterSpec.withSimpleType()Lcom/android/dx/rop/code/RegisterSpec; @ 21
Event: 5,888 Thread 0x00007fe080167800 Uncommon trap: reason=bimorphic action=maybe_recompile pc=0x00007fe070fb1e2c method=com.android.dx.rop.code.RegisterSpec.withSimpleType()Lcom/android/dx/rop/code/RegisterSpec; @ 21
Event: 5,888 Thread 0x00007fe080167800 Uncommon trap: reason=bimorphic action=maybe_recompile pc=0x00007fe070fb1e2c method=com.android.dx.rop.code.RegisterSpec.withSimpleType()Lcom/android/dx/rop/code/RegisterSpec; @ 21
Event: 5,943 Thread 0x00007fe080167800 Uncommon trap: reason=unstable_if action=reinterpret pc=0x00007fe070f68bec method=com.android.dx.rop.code.LocalItem.compareHandlesNulls(Lcom/android/dx/rop/cst/CstString;Lcom/android/dx/rop/cst/CstString;)I @ 14
Event: 6,692 Thread 0x00007fe080164800 Uncommon trap: reason=unstable_if action=reinterpret pc=0x00007fe0710562c8 method=com.android.dx.ssa.SsaRenamer$BlockRenamer.visitMoveInsn(Lcom/android/dx/ssa/NormalSsaInsn;)V @ 104
Event: 6,722 Thread 0x00007fe080165800 Uncommon trap: reason=unstable_if action=reinterpret pc=0x00007fe070c7383c method=java.util.HashMap.putVal(ILjava/lang/Object;Ljava/lang/Object;ZZ)Ljava/lang/Object; @ 162
Event: 6,726 Thread 0x00007fe080165800 Uncommon trap: reason=unstable_if action=reinterpret pc=0x00007fe070d889ac method=java.util.HashMap.getNode(ILjava/lang/Object;)Ljava/util/HashMap$Node; @ 84

Internal exceptions (7 events):
Event: 0,191 Thread 0x00007fe08000a000 Exception <a 'java/lang/NoSuchMethodError': Method sun.misc.Unsafe.defineClass(Ljava/lang/String;[BII)Ljava/lang/Class; name or signature does not match> (0x00000000eab07cc0) thrown at [/HUDSON/workspace/8-2-build-linux-amd64/jdk8u91/6644/hotspot/src/shar
Event: 0,191 Thread 0x00007fe08000a000 Exception <a 'java/lang/NoSuchMethodError': Method sun.misc.Unsafe.prefetchRead(Ljava/lang/Object;J)V name or signature does not match> (0x00000000eab07fa8) thrown at [/HUDSON/workspace/8-2-build-linux-amd64/jdk8u91/6644/hotspot/src/share/vm/prims/jni.cpp
Event: 2,163 Thread 0x00007fe080165800 Implicit null exception at 0x00007fe070c1f1a2 to 0x00007fe070c1f2ad
Event: 5,943 Thread 0x00007fe080167800 Implicit null exception at 0x00007fe070f67348 to 0x00007fe070f68bc1
Event: 6,724 Thread 0x00007fe080165800 Exception <a 'java/lang/ArrayIndexOutOfBoundsException': 18> (0x00000000f17cc930) thrown at [/HUDSON/workspace/8-2-build-linux-amd64/jdk8u91/6644/hotspot/src/share/vm/interpreter/interpreterRuntime.cpp, line 366]
Event: 6,724 Thread 0x00007fe080165800 Exception <a 'java/lang/ArrayIndexOutOfBoundsException': 145> (0x00000000f17ce4b0) thrown at [/HUDSON/workspace/8-2-build-linux-amd64/jdk8u91/6644/hotspot/src/share/vm/interpreter/interpreterRuntime.cpp, line 366]
Event: 6,725 Thread 0x00007fe080165800 Exception <a 'java/lang/ArrayIndexOutOfBoundsException': 40> (0x00000000f17cf798) thrown at [/HUDSON/workspace/8-2-build-linux-amd64/jdk8u91/6644/hotspot/src/share/vm/interpreter/interpreterRuntime.cpp, line 366]

Events (10 events):
Event: 6,725 loading class sun/reflect/generics/reflectiveObjects/LazyReflectiveObjectGenerator done
Event: 6,725 loading class sun/reflect/generics/reflectiveObjects/TypeVariableImpl done
Event: 6,726 Thread 0x00007fe080165800 Uncommon trap: trap_request=0xffffff65 fr.pc=0x00007fe070d889ac
Event: 6,726 Thread 0x00007fe080165800 DEOPT PACKING pc=0x00007fe070d889ac sp=0x00007fe066d10b30
Event: 6,739 Thread 0x00007fe080165800 DEOPT UNPACKING pc=0x00007fe0709cc229 sp=0x00007fe066d10a70 mode 2
Event: 6,754 Thread 0x00007fe08015f800 DEOPT PACKING pc=0x00007fe070e85be8 sp=0x00007fe067013c90
Event: 6,754 Thread 0x00007fe08015f800 DEOPT UNPACKING pc=0x00007fe070a0e633 sp=0x00007fe0670139c0 mode 0
Event: 6,779 Thread 0x00007fe080165800 DEOPT PACKING pc=0x00007fe070d7bf2c sp=0x00007fe066d10cd0
Event: 6,779 Thread 0x00007fe080165800 DEOPT UNPACKING pc=0x00007fe070a0e633 sp=0x00007fe066d109d0 mode 0
Event: 6,834 Executing VM operation: ParallelGCFailedAllocation


Dynamic libraries:
00400000-00401000 r-xp 00000000 08:04 2493193                            /usr/lib/jvm/java-8-oracle/bin/java
00600000-00601000 rw-p 00000000 08:04 2493193                            /usr/lib/jvm/java-8-oracle/bin/java
01ba3000-01bc4000 rw-p 00000000 00:00 0                                  [heap]
c0000000-c4d80000 rw-p 00000000 00:00 0 
c4d80000-eab00000 ---p 00000000 00:00 0 
eab00000-f2a00000 rw-p 00000000 00:00 0 
fc800000-100000000 ---p 00000000 00:00 0 
100000000-1000c0000 rw-p 00000000 00:00 0 
1000c0000-140000000 ---p 00000000 00:00 0 
7fe020000000-7fe020021000 rw-p 00000000 00:00 0 
7fe020021000-7fe024000000 ---p 00000000 00:00 0 
7fe024000000-7fe024021000 rw-p 00000000 00:00 0 
7fe024021000-7fe028000000 ---p 00000000 00:00 0 
7fe028000000-7fe028021000 rw-p 00000000 00:00 0 
7fe028021000-7fe02c000000 ---p 00000000 00:00 0 
7fe02c000000-7fe02c027000 rw-p 00000000 00:00 0 
7fe02c027000-7fe030000000 ---p 00000000 00:00 0 
7fe030000000-7fe030021000 rw-p 00000000 00:00 0 
7fe030021000-7fe034000000 ---p 00000000 00:00 0 
7fe034000000-7fe034021000 rw-p 00000000 00:00 0 
7fe034021000-7fe038000000 ---p 00000000 00:00 0 
7fe038000000-7fe038662000 rw-p 00000000 00:00 0 
7fe038662000-7fe03c000000 ---p 00000000 00:00 0 
7fe03c000000-7fe03c021000 rw-p 00000000 00:00 0 
7fe03c021000-7fe040000000 ---p 00000000 00:00 0 
7fe040000000-7fe04083d000 rw-p 00000000 00:00 0 
7fe04083d000-7fe044000000 ---p 00000000 00:00 0 
7fe044000000-7fe0447c5000 rw-p 00000000 00:00 0 
7fe0447c5000-7fe048000000 ---p 00000000 00:00 0 
7fe048000000-7fe048021000 rw-p 00000000 00:00 0 
7fe048021000-7fe04c000000 ---p 00000000 00:00 0 
7fe04c000000-7fe04c021000 rw-p 00000000 00:00 0 
7fe04c021000-7fe050000000 ---p 00000000 00:00 0 
7fe050000000-7fe05028d000 rw-p 00000000 00:00 0 
7fe05028d000-7fe054000000 ---p 00000000 00:00 0 
7fe054000000-7fe054021000 rw-p 00000000 00:00 0 
7fe054021000-7fe058000000 ---p 00000000 00:00 0 
7fe058000000-7fe058021000 rw-p 00000000 00:00 0 
7fe058021000-7fe05c000000 ---p 00000000 00:00 0 
7fe05c000000-7fe05c021000 rw-p 00000000 00:00 0 
7fe05c021000-7fe060000000 ---p 00000000 00:00 0 
7fe060000000-7fe060021000 rw-p 00000000 00:00 0 
7fe060021000-7fe064000000 ---p 00000000 00:00 0 
7fe066b11000-7fe066b14000 ---p 00000000 00:00 0 
7fe066b14000-7fe066c12000 rw-p 00000000 00:00 0 
7fe066c12000-7fe066c15000 ---p 00000000 00:00 0 
7fe066c15000-7fe066d13000 rw-p 00000000 00:00 0 
7fe066d13000-7fe066d16000 ---p 00000000 00:00 0 
7fe066d16000-7fe066e14000 rw-p 00000000 00:00 0 
7fe066e14000-7fe066e17000 ---p 00000000 00:00 0 
7fe066e17000-7fe066f15000 rw-p 00000000 00:00 0 
7fe066f15000-7fe066f18000 ---p 00000000 00:00 0 
7fe066f18000-7fe067016000 rw-p 00000000 00:00 0 
7fe067016000-7fe06702c000 r--s 000f1000 08:04 5112791                    /home/martin/Dropbox/current/AndroidStudioProjects/e-fluent/app/build/intermediates/exploded-aar/com.android.support/support-v4/23.4.0/jars/classes.jar
7fe06702c000-7fe06703b000 r--s 000df000 08:04 2506063                    /home/martin/Android/Sdk/build-tools/23.0.3/lib/dx.jar
7fe06703b000-7fe06703c000 ---p 00000000 00:00 0 
7fe06703c000-7fe06713c000 rw-p 00000000 00:00 0 
7fe06713c000-7fe06713f000 ---p 00000000 00:00 0 
7fe06713f000-7fe06723d000 rw-p 00000000 00:00 0 
7fe06723d000-7fe067240000 ---p 00000000 00:00 0 
7fe067240000-7fe06733e000 rw-p 00000000 00:00 0 
7fe06733e000-7fe067341000 ---p 00000000 00:00 0 
7fe067341000-7fe06743f000 rw-p 00000000 00:00 0 
7fe06743f000-7fe067442000 ---p 00000000 00:00 0 
7fe067442000-7fe067540000 rw-p 00000000 00:00 0 
7fe067540000-7fe067543000 ---p 00000000 00:00 0 
7fe067543000-7fe067641000 rw-p 00000000 00:00 0 
7fe067641000-7fe068000000 r--p 00000000 08:04 2497790                    /usr/lib/locale/locale-archive
7fe068000000-7fe068021000 rw-p 00000000 00:00 0 
7fe068021000-7fe06c000000 ---p 00000000 00:00 0 
7fe06c009000-7fe06c00c000 ---p 00000000 00:00 0 
7fe06c00c000-7fe06c10a000 rw-p 00000000 00:00 0 
7fe06c10a000-7fe06c10d000 ---p 00000000 00:00 0 
7fe06c10d000-7fe06c20b000 rw-p 00000000 00:00 0 
7fe06c20b000-7fe06c20c000 ---p 00000000 00:00 0 
7fe06c20c000-7fe06d25d000 rw-p 00000000 00:00 0 
7fe06d25d000-7fe06d436000 r--s 03d1f000 08:04 2632762                    /usr/lib/jvm/java-8-oracle/jre/lib/rt.jar
7fe06d436000-7fe06db2c000 rw-p 00000000 00:00 0 
7fe06db2c000-7fe06dcac000 ---p 00000000 00:00 0 
7fe06dcac000-7fe06feac000 rw-p 00000000 00:00 0 
7fe06feac000-7fe06fead000 ---p 00000000 00:00 0 
7fe06fead000-7fe06ffad000 rw-p 00000000 00:00 0 
7fe06ffad000-7fe06ffae000 ---p 00000000 00:00 0 
7fe06ffae000-7fe0700ae000 rw-p 00000000 00:00 0 
7fe0700ae000-7fe0700af000 ---p 00000000 00:00 0 
7fe0700af000-7fe0701af000 rw-p 00000000 00:00 0 
7fe0701af000-7fe0701b0000 ---p 00000000 00:00 0 
7fe0701b0000-7fe0702d7000 rw-p 00000000 00:00 0 
7fe0702d7000-7fe070406000 ---p 00000000 00:00 0 
7fe070406000-7fe07042d000 rw-p 00000000 00:00 0 
7fe07042d000-7fe07055b000 ---p 00000000 00:00 0 
7fe07055b000-7fe07059b000 rw-p 00000000 00:00 0 
7fe07059b000-7fe070606000 ---p 00000000 00:00 0 
7fe070606000-7fe070622000 rw-p 00000000 00:00 0 
7fe070622000-7fe0709c7000 ---p 00000000 00:00 0 
7fe0709c7000-7fe071067000 rwxp 00000000 00:00 0 
7fe071067000-7fe07f9c7000 ---p 00000000 00:00 0 
7fe07f9c7000-7fe07f9e1000 r-xp 00000000 08:04 2760456                    /usr/lib/jvm/java-8-oracle/jre/lib/amd64/libzip.so
7fe07f9e1000-7fe07fbe1000 ---p 0001a000 08:04 2760456                    /usr/lib/jvm/java-8-oracle/jre/lib/amd64/libzip.so
7fe07fbe1000-7fe07fbe2000 rw-p 0001a000 08:04 2760456                    /usr/lib/jvm/java-8-oracle/jre/lib/amd64/libzip.so
7fe07fbe2000-7fe07fbed000 r-xp 00000000 08:04 1839715                    /lib/x86_64-linux-gnu/libnss_files-2.23.so
7fe07fbed000-7fe07fdec000 ---p 0000b000 08:04 1839715                    /lib/x86_64-linux-gnu/libnss_files-2.23.so
7fe07fdec000-7fe07fded000 r--p 0000a000 08:04 1839715                    /lib/x86_64-linux-gnu/libnss_files-2.23.so
7fe07fded000-7fe07fdee000 rw-p 0000b000 08:04 1839715                    /lib/x86_64-linux-gnu/libnss_files-2.23.so
7fe07fdee000-7fe07fdf4000 rw-p 00000000 00:00 0 
7fe07fdf4000-7fe07fdff000 r-xp 00000000 08:04 1839725                    /lib/x86_64-linux-gnu/libnss_nis-2.23.so
7fe07fdff000-7fe07fffe000 ---p 0000b000 08:04 1839725                    /lib/x86_64-linux-gnu/libnss_nis-2.23.so
7fe07fffe000-7fe07ffff000 r--p 0000a000 08:04 1839725                    /lib/x86_64-linux-gnu/libnss_nis-2.23.so
7fe07ffff000-7fe080000000 rw-p 0000b000 08:04 1839725                    /lib/x86_64-linux-gnu/libnss_nis-2.23.so
7fe080000000-7fe080392000 rw-p 00000000 00:00 0 
7fe080392000-7fe084000000 ---p 00000000 00:00 0 
7fe08400e000-7fe084071000 rw-p 00000000 00:00 0 
7fe084071000-7fe084087000 r-xp 00000000 08:04 1839709                    /lib/x86_64-linux-gnu/libnsl-2.23.so
7fe084087000-7fe084286000 ---p 00016000 08:04 1839709                    /lib/x86_64-linux-gnu/libnsl-2.23.so
7fe084286000-7fe084287000 r--p 00015000 08:04 1839709                    /lib/x86_64-linux-gnu/libnsl-2.23.so
7fe084287000-7fe084288000 rw-p 00016000 08:04 1839709                    /lib/x86_64-linux-gnu/libnsl-2.23.so
7fe084288000-7fe08428a000 rw-p 00000000 00:00 0 
7fe08428a000-7fe084292000 r-xp 00000000 08:04 1839711                    /lib/x86_64-linux-gnu/libnss_compat-2.23.so
7fe084292000-7fe084491000 ---p 00008000 08:04 1839711                    /lib/x86_64-linux-gnu/libnss_compat-2.23.so
7fe084491000-7fe084492000 r--p 00007000 08:04 1839711                    /lib/x86_64-linux-gnu/libnss_compat-2.23.so
7fe084492000-7fe084493000 rw-p 00008000 08:04 1839711                    /lib/x86_64-linux-gnu/libnss_compat-2.23.so
7fe084493000-7fe0844bd000 r-xp 00000000 08:04 2760451                    /usr/lib/jvm/java-8-oracle/jre/lib/amd64/libjava.so
7fe0844bd000-7fe0846bd000 ---p 0002a000 08:04 2760451                    /usr/lib/jvm/java-8-oracle/jre/lib/amd64/libjava.so
7fe0846bd000-7fe0846bf000 rw-p 0002a000 08:04 2760451                    /usr/lib/jvm/java-8-oracle/jre/lib/amd64/libjava.so
7fe0846bf000-7fe0846cc000 r-xp 00000000 08:04 2760455                    /usr/lib/jvm/java-8-oracle/jre/lib/amd64/libverify.so
7fe0846cc000-7fe0848cc000 ---p 0000d000 08:04 2760455                    /usr/lib/jvm/java-8-oracle/jre/lib/amd64/libverify.so
7fe0848cc000-7fe0848ce000 rw-p 0000d000 08:04 2760455                    /usr/lib/jvm/java-8-oracle/jre/lib/amd64/libverify.so
7fe0848ce000-7fe0848d5000 r-xp 00000000 08:04 1839770                    /lib/x86_64-linux-gnu/librt-2.23.so
7fe0848d5000-7fe084ad4000 ---p 00007000 08:04 1839770                    /lib/x86_64-linux-gnu/librt-2.23.so
7fe084ad4000-7fe084ad5000 r--p 00006000 08:04 1839770                    /lib/x86_64-linux-gnu/librt-2.23.so
7fe084ad5000-7fe084ad6000 rw-p 00007000 08:04 1839770                    /lib/x86_64-linux-gnu/librt-2.23.so
7fe084ad6000-7fe084bde000 r-xp 00000000 08:04 1839686                    /lib/x86_64-linux-gnu/libm-2.23.so
7fe084bde000-7fe084ddd000 ---p 00108000 08:04 1839686                    /lib/x86_64-linux-gnu/libm-2.23.so
7fe084ddd000-7fe084dde000 r--p 00107000 08:04 1839686                    /lib/x86_64-linux-gnu/libm-2.23.so
7fe084dde000-7fe084ddf000 rw-p 00108000 08:04 1839686                    /lib/x86_64-linux-gnu/libm-2.23.so
7fe084ddf000-7fe085a9f000 r-xp 00000000 08:04 2760434                    /usr/lib/jvm/java-8-oracle/jre/lib/amd64/server/libjvm.so
7fe085a9f000-7fe085c9f000 ---p 00cc0000 08:04 2760434                    /usr/lib/jvm/java-8-oracle/jre/lib/amd64/server/libjvm.so
7fe085c9f000-7fe085d77000 rw-p 00cc0000 08:04 2760434                    /usr/lib/jvm/java-8-oracle/jre/lib/amd64/server/libjvm.so
7fe085d77000-7fe085dc2000 rw-p 00000000 00:00 0 
7fe085dc2000-7fe085f82000 r-xp 00000000 08:04 1839616                    /lib/x86_64-linux-gnu/libc-2.23.so
7fe085f82000-7fe086181000 ---p 001c0000 08:04 1839616                    /lib/x86_64-linux-gnu/libc-2.23.so
7fe086181000-7fe086185000 r--p 001bf000 08:04 1839616                    /lib/x86_64-linux-gnu/libc-2.23.so
7fe086185000-7fe086187000 rw-p 001c3000 08:04 1839616                    /lib/x86_64-linux-gnu/libc-2.23.so
7fe086187000-7fe08618b000 rw-p 00000000 00:00 0 
7fe08618b000-7fe08618e000 r-xp 00000000 08:04 1839640                    /lib/x86_64-linux-gnu/libdl-2.23.so
7fe08618e000-7fe08638d000 ---p 00003000 08:04 1839640                    /lib/x86_64-linux-gnu/libdl-2.23.so
7fe08638d000-7fe08638e000 r--p 00002000 08:04 1839640                    /lib/x86_64-linux-gnu/libdl-2.23.so
7fe08638e000-7fe08638f000 rw-p 00003000 08:04 1839640                    /lib/x86_64-linux-gnu/libdl-2.23.so
7fe08638f000-7fe0863a4000 r-xp 00000000 08:04 2632571                    /usr/lib/jvm/java-8-oracle/lib/amd64/jli/libjli.so
7fe0863a4000-7fe0865a4000 ---p 00015000 08:04 2632571                    /usr/lib/jvm/java-8-oracle/lib/amd64/jli/libjli.so
7fe0865a4000-7fe0865a5000 rw-p 00015000 08:04 2632571                    /usr/lib/jvm/java-8-oracle/lib/amd64/jli/libjli.so
7fe0865a5000-7fe0865bd000 r-xp 00000000 08:04 1839762                    /lib/x86_64-linux-gnu/libpthread-2.23.so
7fe0865bd000-7fe0867bc000 ---p 00018000 08:04 1839762                    /lib/x86_64-linux-gnu/libpthread-2.23.so
7fe0867bc000-7fe0867bd000 r--p 00017000 08:04 1839762                    /lib/x86_64-linux-gnu/libpthread-2.23.so
7fe0867bd000-7fe0867be000 rw-p 00018000 08:04 1839762                    /lib/x86_64-linux-gnu/libpthread-2.23.so
7fe0867be000-7fe0867c2000 rw-p 00000000 00:00 0 
7fe0867c2000-7fe0867e8000 r-xp 00000000 08:04 1839588                    /lib/x86_64-linux-gnu/ld-2.23.so
7fe0867f0000-7fe0868c2000 rw-p 00000000 00:00 0 
7fe0868c2000-7fe0868c5000 ---p 00000000 00:00 0 
7fe0868c5000-7fe0869db000 rw-p 00000000 00:00 0 
7fe0869db000-7fe0869e3000 rw-s 00000000 08:04 5772391                    /tmp/hsperfdata_martin/12215
7fe0869e3000-7fe0869e4000 rw-p 00000000 00:00 0 
7fe0869e4000-7fe0869e5000 ---p 00000000 00:00 0 
7fe0869e5000-7fe0869e7000 rw-p 00000000 00:00 0 
7fe0869e7000-7fe0869e8000 r--p 00025000 08:04 1839588                    /lib/x86_64-linux-gnu/ld-2.23.so
7fe0869e8000-7fe0869e9000 rw-p 00026000 08:04 1839588                    /lib/x86_64-linux-gnu/ld-2.23.so
7fe0869e9000-7fe0869ea000 rw-p 00000000 00:00 0 
7ffe7508c000-7ffe750ad000 rw-p 00000000 00:00 0                          [stack]
7ffe7510c000-7ffe7510e000 r--p 00000000 00:00 0                          [vvar]
7ffe7510e000-7ffe75110000 r-xp 00000000 00:00 0                          [vdso]
ffffffffff600000-ffffffffff601000 r-xp 00000000 00:00 0                  [vsyscall]

VM Arguments:
jvm_args: -Djava.awt.headless=true -Xmx1024M -Dfile.encoding=UTF-8 -Duser.country=US -Duser.language=en -Duser.variant 
java_command: com.android.dx.command.Main --dex --force-jumbo --num-threads=4 --multi-dex --output /home/martin/Dropbox/current/AndroidStudioProjects/e-fluent/app/build/intermediates/transforms/dex/debug/folders/1000/10/com.android.support-support-v4-23.4.0_3c47dad2c2c4c7a8c2ce24fb175f4014f042b1cc /home/martin/Dropbox/current/AndroidStudioProjects/e-fluent/app/build/intermediates/exploded-aar/com.android.support/support-v4/23.4.0/jars/classes.jar
java_class_path (initial): /home/martin/Android/Sdk/build-tools/23.0.3/lib/dx.jar
Launcher Type: SUN_STANDARD

Environment Variables:
PATH=/usr/local/sbin:/usr/local/bin:/usr/sbin:/usr/bin:/sbin:/bin:/usr/games:/usr/local/games:/snap/bin
LD_LIBRARY_PATH=/home/martin/Dropbox/current/android-studio/bin:
SHELL=/bin/bash
DISPLAY=:0

Signal Handlers:
SIGSEGV: [libjvm.so+0xabca10], sa_mask[0]=11111111011111111101111111111110, sa_flags=SA_RESTART|SA_SIGINFO
SIGBUS: [libjvm.so+0xabca10], sa_mask[0]=11111111011111111101111111111110, sa_flags=SA_RESTART|SA_SIGINFO
SIGFPE: [libjvm.so+0x919a20], sa_mask[0]=11111111011111111101111111111110, sa_flags=SA_RESTART|SA_SIGINFO
SIGPIPE: [libjvm.so+0x919a20], sa_mask[0]=11111111011111111101111111111110, sa_flags=SA_RESTART|SA_SIGINFO
SIGXFSZ: [libjvm.so+0x919a20], sa_mask[0]=11111111011111111101111111111110, sa_flags=SA_RESTART|SA_SIGINFO
SIGILL: [libjvm.so+0x919a20], sa_mask[0]=11111111011111111101111111111110, sa_flags=SA_RESTART|SA_SIGINFO
SIGUSR1: SIG_DFL, sa_mask[0]=00000000000000000000000000000000, sa_flags=none
SIGUSR2: [libjvm.so+0x91b050], sa_mask[0]=00100000000000000000000000000000, sa_flags=SA_RESTART|SA_SIGINFO
SIGHUP: [libjvm.so+0x91c450], sa_mask[0]=11111111011111111101111111111110, sa_flags=SA_RESTART|SA_SIGINFO
SIGINT: [libjvm.so+0x91c450], sa_mask[0]=11111111011111111101111111111110, sa_flags=SA_RESTART|SA_SIGINFO
SIGTERM: [libjvm.so+0x91c450], sa_mask[0]=11111111011111111101111111111110, sa_flags=SA_RESTART|SA_SIGINFO
SIGQUIT: [libjvm.so+0x91c450], sa_mask[0]=11111111011111111101111111111110, sa_flags=SA_RESTART|SA_SIGINFO


---------------  S Y S T E M  ---------------

OS:DISTRIB_ID=Ubuntu
DISTRIB_RELEASE=16.04
DISTRIB_CODENAME=xenial
DISTRIB_DESCRIPTION="Ubuntu 16.04 LTS"

uname:Linux 4.4.0-22-generic #39-Ubuntu SMP Thu May 5 16:53:32 UTC 2016 x86_64
libc:glibc 2.23 NPTL 2.23 
rlimit: STACK 8192k, CORE 0k, NPROC 29483, NOFILE 65536, AS infinity
load average:4,52 3,21 3,51

/proc/meminfo:
MemTotal:        7586480 kB
MemFree:           66792 kB
MemAvailable:     167300 kB
Buffers:            9144 kB
Cached:          1477256 kB
SwapCached:            0 kB
Active:          6021996 kB
Inactive:        1232592 kB
Active(anon):    5971460 kB
Inactive(anon):  1187084 kB
Active(file):      50536 kB
Inactive(file):    45508 kB
Unevictable:         592 kB
Mlocked:             592 kB
SwapTotal:             0 kB
SwapFree:              0 kB
Dirty:              3172 kB
Writeback:             0 kB
AnonPages:       5769264 kB
Mapped:           484420 kB
Shmem:           1390160 kB
Slab:              96844 kB
SReclaimable:      45444 kB
SUnreclaim:        51400 kB
KernelStack:       17808 kB
PageTables:        66688 kB
NFS_Unstable:          0 kB
Bounce:                0 kB
WritebackTmp:          0 kB
CommitLimit:     3793240 kB
Committed_AS:   14115452 kB
VmallocTotal:   34359738367 kB
VmallocUsed:           0 kB
VmallocChunk:          0 kB
HardwareCorrupted:     0 kB
AnonHugePages:   2351104 kB
CmaTotal:              0 kB
CmaFree:               0 kB
HugePages_Total:       0
HugePages_Free:        0
HugePages_Rsvd:        0
HugePages_Surp:        0
Hugepagesize:       2048 kB
DirectMap4k:      206336 kB
DirectMap2M:     7585792 kB
DirectMap1G:     1048576 kB


CPU:total 4 (2 cores per cpu, 2 threads per core) family 6 model 69 stepping 1, cmov, cx8, fxsr, mmx, sse, sse2, sse3, ssse3, sse4.1, sse4.2, popcnt, avx, avx2, aes, clmul, erms, lzcnt, ht, tsc, tscinvbit, bmi1, bmi2

/proc/cpuinfo:
processor	: 0
vendor_id	: GenuineIntel
cpu family	: 6
model		: 69
model name	: Intel(R) Core(TM) i5-4300U CPU @ 1.90GHz
stepping	: 1
microcode	: 0x1d
cpu MHz		: 2600.000
cache size	: 3072 KB
physical id	: 0
siblings	: 4
core id		: 0
cpu cores	: 2
apicid		: 0
initial apicid	: 0
fpu		: yes
fpu_exception	: yes
cpuid level	: 13
wp		: yes
flags		: fpu vme de pse tsc msr pae mce cx8 apic sep mtrr pge mca cmov pat pse36 clflush dts acpi mmx fxsr sse sse2 ss ht tm pbe syscall nx pdpe1gb rdtscp lm constant_tsc arch_perfmon pebs bts rep_good nopl xtopology nonstop_tsc aperfmperf eagerfpu pni pclmulqdq dtes64 monitor ds_cpl vmx smx est tm2 ssse3 sdbg fma cx16 xtpr pdcm pcid sse4_1 sse4_2 x2apic movbe popcnt tsc_deadline_timer aes xsave avx f16c rdrand lahf_lm abm epb tpr_shadow vnmi flexpriority ept vpid fsgsbase tsc_adjust bmi1 avx2 smep bmi2 erms invpcid xsaveopt dtherm ida arat pln pts
bugs		:
bogomips	: 4988.01
clflush size	: 64
cache_alignment	: 64
address sizes	: 39 bits physical, 48 bits virtual
power management:

processor	: 1
vendor_id	: GenuineIntel
cpu family	: 6
model		: 69
model name	: Intel(R) Core(TM) i5-4300U CPU @ 1.90GHz
stepping	: 1
microcode	: 0x1d
cpu MHz		: 2600.000
cache size	: 3072 KB
physical id	: 0
siblings	: 4
core id		: 0
cpu cores	: 2
apicid		: 1
initial apicid	: 1
fpu		: yes
fpu_exception	: yes
cpuid level	: 13
wp		: yes
flags		: fpu vme de pse tsc msr pae mce cx8 apic sep mtrr pge mca cmov pat pse36 clflush dts acpi mmx fxsr sse sse2 ss ht tm pbe syscall nx pdpe1gb rdtscp lm constant_tsc arch_perfmon pebs bts rep_good nopl xtopology nonstop_tsc aperfmperf eagerfpu pni pclmulqdq dtes64 monitor ds_cpl vmx smx est tm2 ssse3 sdbg fma cx16 xtpr pdcm pcid sse4_1 sse4_2 x2apic movbe popcnt tsc_deadline_timer aes xsave avx f16c rdrand lahf_lm abm epb tpr_shadow vnmi flexpriority ept vpid fsgsbase tsc_adjust bmi1 avx2 smep bmi2 erms invpcid xsaveopt dtherm ida arat pln pts
bugs		:
bogomips	: 4988.01
clflush size	: 64
cache_alignment	: 64
address sizes	: 39 bits physical, 48 bits virtual
power management:

processor	: 2
vendor_id	: GenuineIntel
cpu family	: 6
model		: 69
model name	: Intel(R) Core(TM) i5-4300U CPU @ 1.90GHz
stepping	: 1
microcode	: 0x1d
cpu MHz		: 2600.000
cache size	: 3072 KB
physical id	: 0
siblings	: 4
core id		: 1
cpu cores	: 2
apicid		: 2
initial apicid	: 2
fpu		: yes
fpu_exception	: yes
cpuid level	: 13
wp		: yes
flags		: fpu vme de pse tsc msr pae mce cx8 apic sep mtrr pge mca cmov pat pse36 clflush dts acpi mmx fxsr sse sse2 ss ht tm pbe syscall nx pdpe1gb rdtscp lm constant_tsc arch_perfmon pebs bts rep_good nopl xtopology nonstop_tsc aperfmperf eagerfpu pni pclmulqdq dtes64 monitor ds_cpl vmx smx est tm2 ssse3 sdbg fma cx16 xtpr pdcm pcid sse4_1 sse4_2 x2apic movbe popcnt tsc_deadline_timer aes xsave avx f16c rdrand lahf_lm abm epb tpr_shadow vnmi flexpriority ept vpid fsgsbase tsc_adjust bmi1 avx2 smep bmi2 erms invpcid xsaveopt dtherm ida arat pln pts
bugs		:
bogomips	: 4988.01
clflush size	: 64
cache_alignment	: 64
address sizes	: 39 bits physical, 48 bits virtual
power management:

processor	: 3
vendor_id	: GenuineIntel
cpu family	: 6
model		: 69
model name	: Intel(R) Core(TM) i5-4300U CPU @ 1.90GHz
stepping	: 1
microcode	: 0x1d
cpu MHz		: 2600.000
cache size	: 3072 KB
physical id	: 0
siblings	: 4
core id		: 1
cpu cores	: 2
apicid		: 3
initial apicid	: 3
fpu		: yes
fpu_exception	: yes
cpuid level	: 13
wp		: yes
flags		: fpu vme de pse tsc msr pae mce cx8 apic sep mtrr pge mca cmov pat pse36 clflush dts acpi mmx fxsr sse sse2 ss ht tm pbe syscall nx pdpe1gb rdtscp lm constant_tsc arch_perfmon pebs bts rep_good nopl xtopology nonstop_tsc aperfmperf eagerfpu pni pclmulqdq dtes64 monitor ds_cpl vmx smx est tm2 ssse3 sdbg fma cx16 xtpr pdcm pcid sse4_1 sse4_2 x2apic movbe popcnt tsc_deadline_timer aes xsave avx f16c rdrand lahf_lm abm epb tpr_shadow vnmi flexpriority ept vpid fsgsbase tsc_adjust bmi1 avx2 smep bmi2 erms invpcid xsaveopt dtherm ida arat pln pts
bugs		:
bogomips	: 4988.01
clflush size	: 64
cache_alignment	: 64
address sizes	: 39 bits physical, 48 bits virtual
power management:



Memory: 4k page, physical 7586480k(66792k free), swap 0k(0k free)

vm_info: Java HotSpot(TM) 64-Bit Server VM (25.91-b14) for linux-amd64 JRE (1.8.0_91-b14), built on Apr  1 2016 00:57:21 by "java_re" with gcc 4.3.0 20080428 (Red Hat 4.3.0-8)

time: Wed May 18 11:05:07 2016
elapsed time: 7 seconds (0d 0h 0m 7s)

