#
# There is insufficient memory for the Java Runtime Environment to continue.
# Native memory allocation (mmap) failed to map 161480704 bytes for committing reserved memory.
# Possible reasons:
#   The system is out of physical RAM or swap space
#   In 32 bit mode, the process size limit was hit
# Possible solutions:
#   Reduce memory load on the system
#   Increase physical memory or swap space
#   Check if swap backing store is full
#   Use 64 bit Java on a 64 bit OS
#   Decrease Java heap size (-Xmx/-Xms)
#   Decrease number of Java threads
#   Decrease Java thread stack sizes (-Xss)
#   Set larger code cache with -XX:ReservedCodeCacheSize=
# This output file may be truncated or incomplete.
#
#  Out of Memory Error (os_linux.cpp:2627), pid=12399, tid=139882227656448
#
# JRE version: Java(TM) SE Runtime Environment (8.0_91-b14) (build 1.8.0_91-b14)
# Java VM: Java HotSpot(TM) 64-Bit Server VM (25.91-b14 mixed mode linux-amd64 compressed oops)
# Failed to write core dump. Core dumps have been disabled. To enable core dumping, try "ulimit -c unlimited" before starting Java again
#

---------------  T H R E A D  ---------------

Current thread (0x00007f38f0078000):  VMThread [stack: 0x00007f38de6d6000,0x00007f38de7d7000] [id=12408]

Stack: [0x00007f38de6d6000,0x00007f38de7d7000],  sp=0x00007f38de7d51a0,  free space=1020k
Native frames: (J=compiled Java code, j=interpreted, Vv=VM code, C=native code)
V  [libjvm.so+0xabc18a]  VMError::report_and_die()+0x2ba
V  [libjvm.so+0x4fafeb]  report_vm_out_of_memory(char const*, int, unsigned long, VMErrorType, char const*)+0x8b
V  [libjvm.so+0x91cbb3]  os::Linux::commit_memory_impl(char*, unsigned long, bool)+0x103
V  [libjvm.so+0x91d109]  os::pd_commit_memory(char*, unsigned long, unsigned long, bool)+0x29
V  [libjvm.so+0x91740a]  os::commit_memory(char*, unsigned long, unsigned long, bool)+0x2a
V  [libjvm.so+0x98b033]  PSVirtualSpace::expand_by(unsigned long)+0x53
V  [libjvm.so+0x98c438]  PSYoungGen::resize_generation(unsigned long, unsigned long)+0xf8
V  [libjvm.so+0x98b592]  PSYoungGen::resize(unsigned long, unsigned long)+0x22
V  [libjvm.so+0x98886b]  PSScavenge::invoke_no_policy()+0xf3b
V  [libjvm.so+0x988ff1]  PSScavenge::invoke()+0x41
V  [libjvm.so+0x9408b0]  ParallelScavengeHeap::failed_mem_allocate(unsigned long)+0x70
V  [libjvm.so+0xabdba7]  VM_ParallelGCFailedAllocation::doit()+0x97
V  [libjvm.so+0xac55d5]  VM_Operation::evaluate()+0x55
V  [libjvm.so+0xac39aa]  VMThread::evaluate_operation(VM_Operation*)+0xba
V  [libjvm.so+0xac3d2e]  VMThread::loop()+0x1ce
V  [libjvm.so+0xac41a0]  VMThread::run()+0x70
V  [libjvm.so+0x91ef78]  java_start(Thread*)+0x108

VM_Operation (0x00007f38dd1fac70): ParallelGCFailedAllocation, mode: safepoint, requested by thread 0x00007f38f0173000


---------------  P R O C E S S  ---------------

Java Threads: ( => current thread )
  0x00007f38f0174800 JavaThread "pool-2-thread-4" [_thread_blocked, id=12445, stack(0x00007f38dcffb000,0x00007f38dd0fc000)]
  0x00007f38f0173000 JavaThread "pool-2-thread-3" [_thread_blocked, id=12444, stack(0x00007f38dd0fc000,0x00007f38dd1fd000)]
  0x00007f38f016f800 JavaThread "pool-2-thread-2" [_thread_blocked, id=12443, stack(0x00007f38dd1fd000,0x00007f38dd2fe000)]
  0x00007f38f0164000 JavaThread "pool-3-thread-1" [_thread_blocked, id=12442, stack(0x00007f38dd2fe000,0x00007f38dd3ff000)]
  0x00007f38f0161800 JavaThread "pool-2-thread-1" [_thread_blocked, id=12439, stack(0x00007f38dd3ff000,0x00007f38dd500000)]
  0x00007f38f00c1800 JavaThread "Service Thread" daemon [_thread_blocked, id=12418, stack(0x00007f38dd610000,0x00007f38dd711000)]
  0x00007f38f00be800 JavaThread "C1 CompilerThread2" daemon [_thread_blocked, id=12417, stack(0x00007f38dd711000,0x00007f38dd812000)]
  0x00007f38f00bd000 JavaThread "C2 CompilerThread1" daemon [_thread_blocked, id=12416, stack(0x00007f38dd812000,0x00007f38dd913000)]
  0x00007f38f00ba000 JavaThread "C2 CompilerThread0" daemon [_thread_blocked, id=12415, stack(0x00007f38dd913000,0x00007f38dda14000)]
  0x00007f38f00b8800 JavaThread "Signal Dispatcher" daemon [_thread_blocked, id=12414, stack(0x00007f38dda14000,0x00007f38ddb15000)]
  0x00007f38f0084000 JavaThread "Finalizer" daemon [_thread_blocked, id=12411, stack(0x00007f38de4d4000,0x00007f38de5d5000)]
  0x00007f38f007f800 JavaThread "Reference Handler" daemon [_thread_blocked, id=12409, stack(0x00007f38de5d5000,0x00007f38de6d6000)]
  0x00007f38f000a000 JavaThread "main" [_thread_blocked, id=12403, stack(0x00007f38f8d8a000,0x00007f38f8e8b000)]

Other Threads:
=>0x00007f38f0078000 VMThread [stack: 0x00007f38de6d6000,0x00007f38de7d7000] [id=12408]
  0x00007f38f00c4800 WatcherThread [stack: 0x00007f38dd50f000,0x00007f38dd610000] [id=12419]

VM state:at safepoint (normal execution)

VM Mutex/Monitor currently owned by a thread:  ([mutex/lock_event])
[0x00007f38f00065b0] Threads_lock - owner thread: 0x00007f38f0078000
[0x00007f38f0006ab0] Heap_lock - owner thread: 0x00007f38f0173000

Heap:
 PSYoungGen      total 125440K, used 4605K [0x00000000eab00000, 0x00000000f2a00000, 0x0000000100000000)
  eden space 120832K, 0% used [0x00000000eab00000,0x00000000eab00000,0x00000000f2100000)
  from space 4608K, 99% used [0x00000000f2100000,0x00000000f257f730,0x00000000f2580000)
  to   space 4608K, 0% used [0x00000000f2580000,0x00000000f2580000,0x00000000f2a00000)
 ParOldGen       total 79360K, used 38550K [0x00000000c0000000, 0x00000000c4d80000, 0x00000000eab00000)
  object space 79360K, 48% used [0x00000000c0000000,0x00000000c25a5a98,0x00000000c4d80000)
 Metaspace       used 6290K, capacity 7192K, committed 7424K, reserved 1056768K
  class space    used 614K, capacity 656K, committed 768K, reserved 1048576K

Card table byte_map: [0x00007f38f593f000,0x00007f38f5b40000] byte_map_base: 0x00007f38f533f000

Marking Bits: (ParMarkBitMap*) 0x00007f38f825dd60
 Begin Bits: [0x00007f38df000000, 0x00007f38e0000000)
 End Bits:   [0x00007f38e0000000, 0x00007f38e1000000)

Polling page: 0x00007f38f8eac000

CodeCache: size=245760Kb used=6537Kb max_used=6537Kb free=239222Kb
 bounds [0x00007f38e1000000, 0x00007f38e1670000, 0x00007f38f0000000]
 total_blobs=1995 nmethods=1727 adapters=182
 compilation: enabled

Compilation events (10 events):
Event: 7,361 Thread 0x00007f38f00be800 2050       2       com.android.dx.cf.code.ExecutionStack::clear (40 bytes)
Event: 7,361 Thread 0x00007f38f00be800 nmethod 2050 0x00007f38e1664d90 code [0x00007f38e1664f20, 0x00007f38e1665208]
Event: 7,361 Thread 0x00007f38f00be800 2049       2       com.android.dx.util.LabeledList::removeLabel (10 bytes)
Event: 7,361 Thread 0x00007f38f00be800 nmethod 2049 0x00007f38e1665450 code [0x00007f38e16655c0, 0x00007f38e1665748]
Event: 7,361 Thread 0x00007f38f00be800 2051       2       com.android.dx.cf.code.Ropper$CatchInfo::getSetup (53 bytes)
Event: 7,362 Thread 0x00007f38f00be800 nmethod 2051 0x00007f38e1665810 code [0x00007f38e16659a0, 0x00007f38e1665ce8]
Event: 7,362 Thread 0x00007f38f00be800 2052       1       com.android.dx.dex.file.OffsettedItem::getAlignment (5 bytes)
Event: 7,362 Thread 0x00007f38f00be800 nmethod 2052 0x00007f38e1665f10 code [0x00007f38e1666060, 0x00007f38e1666170]
Event: 7,368 Thread 0x00007f38f00be800 2053       2       com.android.dx.util.MutabilityControl::isImmutable (13 bytes)
Event: 7,368 Thread 0x00007f38f00be800 nmethod 2053 0x00007f38e16661d0 code [0x00007f38e1666320, 0x00007f38e1666490]

GC Heap History (9 events):
Event: 2,318 GC heap before
{Heap before GC invocations=1 (full 0):
 PSYoungGen      total 34816K, used 30208K [0x00000000eab00000, 0x00000000ed180000, 0x0000000100000000)
  eden space 30208K, 100% used [0x00000000eab00000,0x00000000ec880000,0x00000000ec880000)
  from space 4608K, 0% used [0x00000000ecd00000,0x00000000ecd00000,0x00000000ed180000)
  to   space 4608K, 0% used [0x00000000ec880000,0x00000000ec880000,0x00000000ecd00000)
 ParOldGen       total 79360K, used 0K [0x00000000c0000000, 0x00000000c4d80000, 0x00000000eab00000)
  object space 79360K, 0% used [0x00000000c0000000,0x00000000c0000000,0x00000000c4d80000)
 Metaspace       used 5778K, capacity 6768K, committed 7040K, reserved 1056768K
  class space    used 593K, capacity 616K, committed 640K, reserved 1048576K
Event: 2,345 GC heap after
Heap after GC invocations=1 (full 0):
 PSYoungGen      total 34816K, used 4594K [0x00000000eab00000, 0x00000000eef00000, 0x0000000100000000)
  eden space 30208K, 0% used [0x00000000eab00000,0x00000000eab00000,0x00000000ec880000)
  from space 4608K, 99% used [0x00000000ec880000,0x00000000eccfc9e8,0x00000000ecd00000)
  to   space 4608K, 0% used [0x00000000eea80000,0x00000000eea80000,0x00000000eef00000)
 ParOldGen       total 79360K, used 1004K [0x00000000c0000000, 0x00000000c4d80000, 0x00000000eab00000)
  object space 79360K, 1% used [0x00000000c0000000,0x00000000c00fb3b0,0x00000000c4d80000)
 Metaspace       used 5778K, capacity 6768K, committed 7040K, reserved 1056768K
  class space    used 593K, capacity 616K, committed 640K, reserved 1048576K
}
Event: 3,185 GC heap before
{Heap before GC invocations=2 (full 0):
 PSYoungGen      total 34816K, used 34802K [0x00000000eab00000, 0x00000000eef00000, 0x0000000100000000)
  eden space 30208K, 100% used [0x00000000eab00000,0x00000000ec880000,0x00000000ec880000)
  from space 4608K, 99% used [0x00000000ec880000,0x00000000eccfc9e8,0x00000000ecd00000)
  to   space 4608K, 0% used [0x00000000eea80000,0x00000000eea80000,0x00000000eef00000)
 ParOldGen       total 79360K, used 1004K [0x00000000c0000000, 0x00000000c4d80000, 0x00000000eab00000)
  object space 79360K, 1% used [0x00000000c0000000,0x00000000c00fb3b0,0x00000000c4d80000)
 Metaspace       used 5883K, capacity 6832K, committed 7040K, reserved 1056768K
  class space    used 593K, capacity 616K, committed 640K, reserved 1048576K
Event: 3,242 GC heap after
Heap after GC invocations=2 (full 0):
 PSYoungGen      total 65024K, used 4591K [0x00000000eab00000, 0x00000000eef00000, 0x0000000100000000)
  eden space 60416K, 0% used [0x00000000eab00000,0x00000000eab00000,0x00000000ee600000)
  from space 4608K, 99% used [0x00000000eea80000,0x00000000eeefbfc8,0x00000000eef00000)
  to   space 4608K, 0% used [0x00000000ee600000,0x00000000ee600000,0x00000000eea80000)
 ParOldGen       total 79360K, used 5277K [0x00000000c0000000, 0x00000000c4d80000, 0x00000000eab00000)
  object space 79360K, 6% used [0x00000000c0000000,0x00000000c0527740,0x00000000c4d80000)
 Metaspace       used 5883K, capacity 6832K, committed 7040K, reserved 1056768K
  class space    used 593K, capacity 616K, committed 640K, reserved 1048576K
}
Event: 4,522 GC heap before
{Heap before GC invocations=3 (full 0):
 PSYoungGen      total 65024K, used 65007K [0x00000000eab00000, 0x00000000eef00000, 0x0000000100000000)
  eden space 60416K, 100% used [0x00000000eab00000,0x00000000ee600000,0x00000000ee600000)
  from space 4608K, 99% used [0x00000000eea80000,0x00000000eeefbfc8,0x00000000eef00000)
  to   space 4608K, 0% used [0x00000000ee600000,0x00000000ee600000,0x00000000eea80000)
 ParOldGen       total 79360K, used 5277K [0x00000000c0000000, 0x00000000c4d80000, 0x00000000eab00000)
  object space 79360K, 6% used [0x00000000c0000000,0x00000000c0527740,0x00000000c4d80000)
 Metaspace       used 6071K, capacity 7000K, committed 7168K, reserved 1056768K
  class space    used 614K, capacity 656K, committed 768K, reserved 1048576K
Event: 4,624 GC heap after
Heap after GC invocations=3 (full 0):
 PSYoungGen      total 65024K, used 4580K [0x00000000eab00000, 0x00000000f2a00000, 0x0000000100000000)
  eden space 60416K, 0% used [0x00000000eab00000,0x00000000eab00000,0x00000000ee600000)
  from space 4608K, 99% used [0x00000000ee600000,0x00000000eea79210,0x00000000eea80000)
  to   space 4608K, 0% used [0x00000000f2580000,0x00000000f2580000,0x00000000f2a00000)
 ParOldGen       total 79360K, used 13699K [0x00000000c0000000, 0x00000000c4d80000, 0x00000000eab00000)
  object space 79360K, 17% used [0x00000000c0000000,0x00000000c0d60ec8,0x00000000c4d80000)
 Metaspace       used 6071K, capacity 7000K, committed 7168K, reserved 1056768K
  class space    used 614K, capacity 656K, committed 768K, reserved 1048576K
}
Event: 5,652 GC heap before
{Heap before GC invocations=4 (full 0):
 PSYoungGen      total 65024K, used 64996K [0x00000000eab00000, 0x00000000f2a00000, 0x0000000100000000)
  eden space 60416K, 100% used [0x00000000eab00000,0x00000000ee600000,0x00000000ee600000)
  from space 4608K, 99% used [0x00000000ee600000,0x00000000eea79210,0x00000000eea80000)
  to   space 4608K, 0% used [0x00000000f2580000,0x00000000f2580000,0x00000000f2a00000)
 ParOldGen       total 79360K, used 13699K [0x00000000c0000000, 0x00000000c4d80000, 0x00000000eab00000)
  object space 79360K, 17% used [0x00000000c0000000,0x00000000c0d60ec8,0x00000000c4d80000)
 Metaspace       used 6143K, capacity 7064K, committed 7424K, reserved 1056768K
  class space    used 614K, capacity 656K, committed 768K, reserved 1048576K
Event: 5,768 GC heap after
Heap after GC invocations=4 (full 0):
 PSYoungGen      total 125440K, used 4587K [0x00000000eab00000, 0x00000000f2a00000, 0x0000000100000000)
  eden space 120832K, 0% used [0x00000000eab00000,0x00000000eab00000,0x00000000f2100000)
  from space 4608K, 99% used [0x00000000f2580000,0x00000000f29fad48,0x00000000f2a00000)
  to   space 4608K, 0% used [0x00000000f2100000,0x00000000f2100000,0x00000000f2580000)
 ParOldGen       total 79360K, used 21420K [0x00000000c0000000, 0x00000000c4d80000, 0x00000000eab00000)
  object space 79360K, 26% used [0x00000000c0000000,0x00000000c14eb108,0x00000000c4d80000)
 Metaspace       used 6143K, capacity 7064K, committed 7424K, reserved 1056768K
  class space    used 614K, capacity 656K, committed 768K, reserved 1048576K
}
Event: 7,400 GC heap before
{Heap before GC invocations=5 (full 0):
 PSYoungGen      total 125440K, used 125419K [0x00000000eab00000, 0x00000000f2a00000, 0x0000000100000000)
  eden space 120832K, 100% used [0x00000000eab00000,0x00000000f2100000,0x00000000f2100000)
  from space 4608K, 99% used [0x00000000f2580000,0x00000000f29fad48,0x00000000f2a00000)
  to   space 4608K, 0% used [0x00000000f2100000,0x00000000f2100000,0x00000000f2580000)
 ParOldGen       total 79360K, used 21420K [0x00000000c0000000, 0x00000000c4d80000, 0x00000000eab00000)
  object space 79360K, 26% used [0x00000000c0000000,0x00000000c14eb108,0x00000000c4d80000)
 Metaspace       used 6290K, capacity 7192K, committed 7424K, reserved 1056768K
  class space    used 614K, capacity 656K, committed 768K, reserved 1048576K

Deoptimization events (10 events):
Event: 2,541 Thread 0x00007f38f0174800 Uncommon trap: reason=null_check action=make_not_entrant pc=0x00007f38e12d3a38 method=com.android.dx.ssa.SsaRenamer.getLocalForNewReg(I)Lcom/android/dx/rop/code/LocalItem; @ 19
Event: 3,286 Thread 0x00007f38f0174800 Uncommon trap: reason=unstable_if action=reinterpret pc=0x00007f38e124111c method=com.android.dx.rop.cst.Constant.compareTo(Lcom/android/dx/rop/cst/Constant;)I @ 12
Event: 4,102 Thread 0x00007f38f0161800 Uncommon trap: reason=unstable_if action=reinterpret pc=0x00007f38e1380284 method=com.android.dx.util.IntList.binarysearch(I)I @ 105
Event: 4,275 Thread 0x00007f38f000a000 Uncommon trap: reason=unstable_if action=reinterpret pc=0x00007f38e12c6e20 method=java.util.HashMap.putVal(ILjava/lang/Object;Ljava/lang/Object;ZZ)Ljava/lang/Object; @ 162
Event: 4,276 Thread 0x00007f38f0161800 Uncommon trap: reason=unstable_if action=reinterpret pc=0x00007f38e138f3fc method=com.android.dx.ssa.SsaMethod.updateOneDefinition(Lcom/android/dx/ssa/SsaInsn;Lcom/android/dx/rop/code/RegisterSpec;)V @ 4
Event: 4,334 Thread 0x00007f38f000a000 Uncommon trap: reason=unstable_if action=reinterpret pc=0x00007f38e122adec method=java.util.HashMap.getNode(ILjava/lang/Object;)Ljava/util/HashMap$Node; @ 84
Event: 4,482 Thread 0x00007f38f0174800 Uncommon trap: reason=unstable_if action=reinterpret pc=0x00007f38e12209b4 method=java.util.HashMap.getNode(ILjava/lang/Object;)Ljava/util/HashMap$Node; @ 84
Event: 5,195 Thread 0x00007f38f000a000 Uncommon trap: reason=unstable_if action=reinterpret pc=0x00007f38e14f5fb8 method=com.android.dx.ssa.SCCP.simulateStmt(Lcom/android/dx/ssa/SsaInsn;)V @ 53
Event: 6,100 Thread 0x00007f38f0174800 Uncommon trap: reason=unstable_if action=reinterpret pc=0x00007f38e151e100 method=com.android.dx.ssa.MoveParamCombiner$1.visitNonMoveInsn(Lcom/android/dx/ssa/NormalSsaInsn;)V @ 27
Event: 6,617 Thread 0x00007f38f000a000 Uncommon trap: reason=unstable_if action=reinterpret pc=0x00007f38e1387a08 method=com.android.dx.dex.code.OutputFinisher.hasLocalInfo(Lcom/android/dx/dex/code/DalvInsn;)Z @ 24

Internal exceptions (6 events):
Event: 0,198 Thread 0x00007f38f000a000 Exception <a 'java/lang/NoSuchMethodError': Method sun.misc.Unsafe.defineClass(Ljava/lang/String;[BII)Ljava/lang/Class; name or signature does not match> (0x00000000eab07cc0) thrown at [/HUDSON/workspace/8-2-build-linux-amd64/jdk8u91/6644/hotspot/src/shar
Event: 0,198 Thread 0x00007f38f000a000 Exception <a 'java/lang/NoSuchMethodError': Method sun.misc.Unsafe.prefetchRead(Ljava/lang/Object;J)V name or signature does not match> (0x00000000eab07fa8) thrown at [/HUDSON/workspace/8-2-build-linux-amd64/jdk8u91/6644/hotspot/src/share/vm/prims/jni.cpp
Event: 2,541 Thread 0x00007f38f0174800 Implicit null exception at 0x00007f38e12d09a8 to 0x00007f38e12d39f5
Event: 4,298 Thread 0x00007f38f000a000 Exception <a 'java/lang/ArrayIndexOutOfBoundsException': 18> (0x00000000edad8c90) thrown at [/HUDSON/workspace/8-2-build-linux-amd64/jdk8u91/6644/hotspot/src/share/vm/interpreter/interpreterRuntime.cpp, line 366]
Event: 4,298 Thread 0x00007f38f000a000 Exception <a 'java/lang/ArrayIndexOutOfBoundsException': 145> (0x00000000edada810) thrown at [/HUDSON/workspace/8-2-build-linux-amd64/jdk8u91/6644/hotspot/src/share/vm/interpreter/interpreterRuntime.cpp, line 366]
Event: 4,299 Thread 0x00007f38f000a000 Exception <a 'java/lang/ArrayIndexOutOfBoundsException': 40> (0x00000000edadbaf8) thrown at [/HUDSON/workspace/8-2-build-linux-amd64/jdk8u91/6644/hotspot/src/share/vm/interpreter/interpreterRuntime.cpp, line 366]

Events (10 events):
Event: 7,237 Thread 0x00007f38f0173000 DEOPT UNPACKING pc=0x00007f38e1047633 sp=0x00007f38dd1fa7c8 mode 0
Event: 7,313 Thread 0x00007f38f000a000 DEOPT PACKING pc=0x00007f38e12aa0a6 sp=0x00007f38f8e88550
Event: 7,313 Thread 0x00007f38f000a000 DEOPT UNPACKING pc=0x00007f38e1047633 sp=0x00007f38f8e882b8 mode 0
Event: 7,318 Thread 0x00007f38f016f800 DEOPT PACKING pc=0x00007f38e12ad8ad sp=0x00007f38dd2fbdc0
Event: 7,318 Thread 0x00007f38f016f800 DEOPT UNPACKING pc=0x00007f38e1047633 sp=0x00007f38dd2fbb48 mode 0
Event: 7,340 Thread 0x00007f38f0161800 DEOPT PACKING pc=0x00007f38e12aa0a6 sp=0x00007f38dd4fdc10
Event: 7,340 Thread 0x00007f38f0161800 DEOPT UNPACKING pc=0x00007f38e1047633 sp=0x00007f38dd4fd978 mode 0
Event: 7,389 Thread 0x00007f38f016f800 DEOPT PACKING pc=0x00007f38e12ad8ad sp=0x00007f38dd2fbdc0
Event: 7,389 Thread 0x00007f38f016f800 DEOPT UNPACKING pc=0x00007f38e1047633 sp=0x00007f38dd2fbb48 mode 0
Event: 7,400 Executing VM operation: ParallelGCFailedAllocation


Dynamic libraries:
00400000-00401000 r-xp 00000000 08:04 2493193                            /usr/lib/jvm/java-8-oracle/bin/java
00600000-00601000 rw-p 00000000 08:04 2493193                            /usr/lib/jvm/java-8-oracle/bin/java
020ab000-020cc000 rw-p 00000000 00:00 0                                  [heap]
c0000000-c4d80000 rw-p 00000000 00:00 0 
c4d80000-eab00000 ---p 00000000 00:00 0 
eab00000-f2a00000 rw-p 00000000 00:00 0 
fc400000-100000000 ---p 00000000 00:00 0 
100000000-1000c0000 rw-p 00000000 00:00 0 
1000c0000-140000000 ---p 00000000 00:00 0 
7f3890000000-7f3890021000 rw-p 00000000 00:00 0 
7f3890021000-7f3894000000 ---p 00000000 00:00 0 
7f3898000000-7f3898021000 rw-p 00000000 00:00 0 
7f3898021000-7f389c000000 ---p 00000000 00:00 0 
7f389c000000-7f389c021000 rw-p 00000000 00:00 0 
7f389c021000-7f38a0000000 ---p 00000000 00:00 0 
7f38a0000000-7f38a0050000 rw-p 00000000 00:00 0 
7f38a0050000-7f38a4000000 ---p 00000000 00:00 0 
7f38a4000000-7f38a4021000 rw-p 00000000 00:00 0 
7f38a4021000-7f38a8000000 ---p 00000000 00:00 0 
7f38a8000000-7f38a8021000 rw-p 00000000 00:00 0 
7f38a8021000-7f38ac000000 ---p 00000000 00:00 0 
7f38ac000000-7f38ac021000 rw-p 00000000 00:00 0 
7f38ac021000-7f38b0000000 ---p 00000000 00:00 0 
7f38b0000000-7f38b073c000 rw-p 00000000 00:00 0 
7f38b073c000-7f38b4000000 ---p 00000000 00:00 0 
7f38b4000000-7f38b495d000 rw-p 00000000 00:00 0 
7f38b495d000-7f38b8000000 ---p 00000000 00:00 0 
7f38b8000000-7f38b8021000 rw-p 00000000 00:00 0 
7f38b8021000-7f38bc000000 ---p 00000000 00:00 0 
7f38bc000000-7f38bce7c000 rw-p 00000000 00:00 0 
7f38bce7c000-7f38c0000000 ---p 00000000 00:00 0 
7f38c0000000-7f38c0021000 rw-p 00000000 00:00 0 
7f38c0021000-7f38c4000000 ---p 00000000 00:00 0 
7f38c4000000-7f38c4021000 rw-p 00000000 00:00 0 
7f38c4021000-7f38c8000000 ---p 00000000 00:00 0 
7f38c8000000-7f38c8021000 rw-p 00000000 00:00 0 
7f38c8021000-7f38cc000000 ---p 00000000 00:00 0 
7f38cc000000-7f38cc28d000 rw-p 00000000 00:00 0 
7f38cc28d000-7f38d0000000 ---p 00000000 00:00 0 
7f38d0000000-7f38d0021000 rw-p 00000000 00:00 0 
7f38d0021000-7f38d4000000 ---p 00000000 00:00 0 
7f38d4000000-7f38d4021000 rw-p 00000000 00:00 0 
7f38d4021000-7f38d8000000 ---p 00000000 00:00 0 
7f38d8000000-7f38d8021000 rw-p 00000000 00:00 0 
7f38d8021000-7f38dc000000 ---p 00000000 00:00 0 
7f38dcffb000-7f38dcffe000 ---p 00000000 00:00 0 
7f38dcffe000-7f38dd0fc000 rw-p 00000000 00:00 0 
7f38dd0fc000-7f38dd0ff000 ---p 00000000 00:00 0 
7f38dd0ff000-7f38dd1fd000 rw-p 00000000 00:00 0 
7f38dd1fd000-7f38dd200000 ---p 00000000 00:00 0 
7f38dd200000-7f38dd2fe000 rw-p 00000000 00:00 0 
7f38dd2fe000-7f38dd301000 ---p 00000000 00:00 0 
7f38dd301000-7f38dd3ff000 rw-p 00000000 00:00 0 
7f38dd3ff000-7f38dd402000 ---p 00000000 00:00 0 
7f38dd402000-7f38dd500000 rw-p 00000000 00:00 0 
7f38dd500000-7f38dd50f000 r--s 000df000 08:04 2506063                    /home/martin/Android/Sdk/build-tools/23.0.3/lib/dx.jar
7f38dd50f000-7f38dd510000 ---p 00000000 00:00 0 
7f38dd510000-7f38dd610000 rw-p 00000000 00:00 0 
7f38dd610000-7f38dd613000 ---p 00000000 00:00 0 
7f38dd613000-7f38dd711000 rw-p 00000000 00:00 0 
7f38dd711000-7f38dd714000 ---p 00000000 00:00 0 
7f38dd714000-7f38dd812000 rw-p 00000000 00:00 0 
7f38dd812000-7f38dd815000 ---p 00000000 00:00 0 
7f38dd815000-7f38dd913000 rw-p 00000000 00:00 0 
7f38dd913000-7f38dd916000 ---p 00000000 00:00 0 
7f38dd916000-7f38dda14000 rw-p 00000000 00:00 0 
7f38dda14000-7f38dda17000 ---p 00000000 00:00 0 
7f38dda17000-7f38ddb15000 rw-p 00000000 00:00 0 
7f38ddb15000-7f38de4d4000 r--p 00000000 08:04 2497790                    /usr/lib/locale/locale-archive
7f38de4d4000-7f38de4d7000 ---p 00000000 00:00 0 
7f38de4d7000-7f38de5d5000 rw-p 00000000 00:00 0 
7f38de5d5000-7f38de5d8000 ---p 00000000 00:00 0 
7f38de5d8000-7f38de6d6000 rw-p 00000000 00:00 0 
7f38de6d6000-7f38de6d7000 ---p 00000000 00:00 0 
7f38de6d7000-7f38e1000000 rw-p 00000000 00:00 0 
7f38e1000000-7f38e1670000 rwxp 00000000 00:00 0 
7f38e1670000-7f38f0000000 ---p 00000000 00:00 0 
7f38f0000000-7f38f0392000 rw-p 00000000 00:00 0 
7f38f0392000-7f38f4000000 ---p 00000000 00:00 0 
7f38f4002000-7f38f400b000 r--s 0008c000 08:04 4854270                    /home/martin/Dropbox/current/AndroidStudioProjects/e-fluent/app/build/intermediates/exploded-aar/com.android.support/appcompat-v7/23.4.0/jars/classes.jar
7f38f400b000-7f38f4796000 rw-p 00000000 00:00 0 
7f38f4796000-7f38f496f000 r--s 03d1f000 08:04 2632762                    /usr/lib/jvm/java-8-oracle/jre/lib/rt.jar
7f38f496f000-7f38f5065000 rw-p 00000000 00:00 0 
7f38f5065000-7f38f51e5000 ---p 00000000 00:00 0 
7f38f51e5000-7f38f53e5000 rw-p 00000000 00:00 0 
7f38f53e5000-7f38f53e6000 ---p 00000000 00:00 0 
7f38f53e6000-7f38f54e6000 rw-p 00000000 00:00 0 
7f38f54e6000-7f38f54e7000 ---p 00000000 00:00 0 
7f38f54e7000-7f38f55e7000 rw-p 00000000 00:00 0 
7f38f55e7000-7f38f55e8000 ---p 00000000 00:00 0 
7f38f55e8000-7f38f56e8000 rw-p 00000000 00:00 0 
7f38f56e8000-7f38f56e9000 ---p 00000000 00:00 0 
7f38f56e9000-7f38f5810000 rw-p 00000000 00:00 0 
7f38f5810000-7f38f593f000 ---p 00000000 00:00 0 
7f38f593f000-7f38f5966000 rw-p 00000000 00:00 0 
7f38f5966000-7f38f5a94000 ---p 00000000 00:00 0 
7f38f5a94000-7f38f5ad4000 rw-p 00000000 00:00 0 
7f38f5ad4000-7f38f5b3f000 ---p 00000000 00:00 0 
7f38f5b3f000-7f38f5b5a000 rw-p 00000000 00:00 0 
7f38f5b5a000-7f38f5f00000 ---p 00000000 00:00 0 
7f38f5f00000-7f38f5f1a000 r-xp 00000000 08:04 2760456                    /usr/lib/jvm/java-8-oracle/jre/lib/amd64/libzip.so
7f38f5f1a000-7f38f611a000 ---p 0001a000 08:04 2760456                    /usr/lib/jvm/java-8-oracle/jre/lib/amd64/libzip.so
7f38f611a000-7f38f611b000 rw-p 0001a000 08:04 2760456                    /usr/lib/jvm/java-8-oracle/jre/lib/amd64/libzip.so
7f38f611b000-7f38f6126000 r-xp 00000000 08:04 1839715                    /lib/x86_64-linux-gnu/libnss_files-2.23.so
7f38f6126000-7f38f6325000 ---p 0000b000 08:04 1839715                    /lib/x86_64-linux-gnu/libnss_files-2.23.so
7f38f6325000-7f38f6326000 r--p 0000a000 08:04 1839715                    /lib/x86_64-linux-gnu/libnss_files-2.23.so
7f38f6326000-7f38f6327000 rw-p 0000b000 08:04 1839715                    /lib/x86_64-linux-gnu/libnss_files-2.23.so
7f38f6327000-7f38f632d000 rw-p 00000000 00:00 0 
7f38f632d000-7f38f6338000 r-xp 00000000 08:04 1839725                    /lib/x86_64-linux-gnu/libnss_nis-2.23.so
7f38f6338000-7f38f6537000 ---p 0000b000 08:04 1839725                    /lib/x86_64-linux-gnu/libnss_nis-2.23.so
7f38f6537000-7f38f6538000 r--p 0000a000 08:04 1839725                    /lib/x86_64-linux-gnu/libnss_nis-2.23.so
7f38f6538000-7f38f6539000 rw-p 0000b000 08:04 1839725                    /lib/x86_64-linux-gnu/libnss_nis-2.23.so
7f38f6539000-7f38f654f000 r-xp 00000000 08:04 1839709                    /lib/x86_64-linux-gnu/libnsl-2.23.so
7f38f654f000-7f38f674e000 ---p 00016000 08:04 1839709                    /lib/x86_64-linux-gnu/libnsl-2.23.so
7f38f674e000-7f38f674f000 r--p 00015000 08:04 1839709                    /lib/x86_64-linux-gnu/libnsl-2.23.so
7f38f674f000-7f38f6750000 rw-p 00016000 08:04 1839709                    /lib/x86_64-linux-gnu/libnsl-2.23.so
7f38f6750000-7f38f6752000 rw-p 00000000 00:00 0 
7f38f6752000-7f38f675a000 r-xp 00000000 08:04 1839711                    /lib/x86_64-linux-gnu/libnss_compat-2.23.so
7f38f675a000-7f38f6959000 ---p 00008000 08:04 1839711                    /lib/x86_64-linux-gnu/libnss_compat-2.23.so
7f38f6959000-7f38f695a000 r--p 00007000 08:04 1839711                    /lib/x86_64-linux-gnu/libnss_compat-2.23.so
7f38f695a000-7f38f695b000 rw-p 00008000 08:04 1839711                    /lib/x86_64-linux-gnu/libnss_compat-2.23.so
7f38f695b000-7f38f6985000 r-xp 00000000 08:04 2760451                    /usr/lib/jvm/java-8-oracle/jre/lib/amd64/libjava.so
7f38f6985000-7f38f6b85000 ---p 0002a000 08:04 2760451                    /usr/lib/jvm/java-8-oracle/jre/lib/amd64/libjava.so
7f38f6b85000-7f38f6b87000 rw-p 0002a000 08:04 2760451                    /usr/lib/jvm/java-8-oracle/jre/lib/amd64/libjava.so
7f38f6b87000-7f38f6b94000 r-xp 00000000 08:04 2760455                    /usr/lib/jvm/java-8-oracle/jre/lib/amd64/libverify.so
7f38f6b94000-7f38f6d94000 ---p 0000d000 08:04 2760455                    /usr/lib/jvm/java-8-oracle/jre/lib/amd64/libverify.so
7f38f6d94000-7f38f6d96000 rw-p 0000d000 08:04 2760455                    /usr/lib/jvm/java-8-oracle/jre/lib/amd64/libverify.so
7f38f6d96000-7f38f6d9d000 r-xp 00000000 08:04 1839770                    /lib/x86_64-linux-gnu/librt-2.23.so
7f38f6d9d000-7f38f6f9c000 ---p 00007000 08:04 1839770                    /lib/x86_64-linux-gnu/librt-2.23.so
7f38f6f9c000-7f38f6f9d000 r--p 00006000 08:04 1839770                    /lib/x86_64-linux-gnu/librt-2.23.so
7f38f6f9d000-7f38f6f9e000 rw-p 00007000 08:04 1839770                    /lib/x86_64-linux-gnu/librt-2.23.so
7f38f6f9e000-7f38f70a6000 r-xp 00000000 08:04 1839686                    /lib/x86_64-linux-gnu/libm-2.23.so
7f38f70a6000-7f38f72a5000 ---p 00108000 08:04 1839686                    /lib/x86_64-linux-gnu/libm-2.23.so
7f38f72a5000-7f38f72a6000 r--p 00107000 08:04 1839686                    /lib/x86_64-linux-gnu/libm-2.23.so
7f38f72a6000-7f38f72a7000 rw-p 00108000 08:04 1839686                    /lib/x86_64-linux-gnu/libm-2.23.so
7f38f72a7000-7f38f7f67000 r-xp 00000000 08:04 2760434                    /usr/lib/jvm/java-8-oracle/jre/lib/amd64/server/libjvm.so
7f38f7f67000-7f38f8167000 ---p 00cc0000 08:04 2760434                    /usr/lib/jvm/java-8-oracle/jre/lib/amd64/server/libjvm.so
7f38f8167000-7f38f823f000 rw-p 00cc0000 08:04 2760434                    /usr/lib/jvm/java-8-oracle/jre/lib/amd64/server/libjvm.so
7f38f823f000-7f38f828a000 rw-p 00000000 00:00 0 
7f38f828a000-7f38f844a000 r-xp 00000000 08:04 1839616                    /lib/x86_64-linux-gnu/libc-2.23.so
7f38f844a000-7f38f8649000 ---p 001c0000 08:04 1839616                    /lib/x86_64-linux-gnu/libc-2.23.so
7f38f8649000-7f38f864d000 r--p 001bf000 08:04 1839616                    /lib/x86_64-linux-gnu/libc-2.23.so
7f38f864d000-7f38f864f000 rw-p 001c3000 08:04 1839616                    /lib/x86_64-linux-gnu/libc-2.23.so
7f38f864f000-7f38f8653000 rw-p 00000000 00:00 0 
7f38f8653000-7f38f8656000 r-xp 00000000 08:04 1839640                    /lib/x86_64-linux-gnu/libdl-2.23.so
7f38f8656000-7f38f8855000 ---p 00003000 08:04 1839640                    /lib/x86_64-linux-gnu/libdl-2.23.so
7f38f8855000-7f38f8856000 r--p 00002000 08:04 1839640                    /lib/x86_64-linux-gnu/libdl-2.23.so
7f38f8856000-7f38f8857000 rw-p 00003000 08:04 1839640                    /lib/x86_64-linux-gnu/libdl-2.23.so
7f38f8857000-7f38f886c000 r-xp 00000000 08:04 2632571                    /usr/lib/jvm/java-8-oracle/lib/amd64/jli/libjli.so
7f38f886c000-7f38f8a6c000 ---p 00015000 08:04 2632571                    /usr/lib/jvm/java-8-oracle/lib/amd64/jli/libjli.so
7f38f8a6c000-7f38f8a6d000 rw-p 00015000 08:04 2632571                    /usr/lib/jvm/java-8-oracle/lib/amd64/jli/libjli.so
7f38f8a6d000-7f38f8a85000 r-xp 00000000 08:04 1839762                    /lib/x86_64-linux-gnu/libpthread-2.23.so
7f38f8a85000-7f38f8c84000 ---p 00018000 08:04 1839762                    /lib/x86_64-linux-gnu/libpthread-2.23.so
7f38f8c84000-7f38f8c85000 r--p 00017000 08:04 1839762                    /lib/x86_64-linux-gnu/libpthread-2.23.so
7f38f8c85000-7f38f8c86000 rw-p 00018000 08:04 1839762                    /lib/x86_64-linux-gnu/libpthread-2.23.so
7f38f8c86000-7f38f8c8a000 rw-p 00000000 00:00 0 
7f38f8c8a000-7f38f8cb0000 r-xp 00000000 08:04 1839588                    /lib/x86_64-linux-gnu/ld-2.23.so
7f38f8cb8000-7f38f8d8a000 rw-p 00000000 00:00 0 
7f38f8d8a000-7f38f8d8d000 ---p 00000000 00:00 0 
7f38f8d8d000-7f38f8ea3000 rw-p 00000000 00:00 0 
7f38f8ea3000-7f38f8eab000 rw-s 00000000 08:04 5772392                    /tmp/hsperfdata_martin/12399
7f38f8eab000-7f38f8eac000 rw-p 00000000 00:00 0 
7f38f8eac000-7f38f8ead000 ---p 00000000 00:00 0 
7f38f8ead000-7f38f8eaf000 rw-p 00000000 00:00 0 
7f38f8eaf000-7f38f8eb0000 r--p 00025000 08:04 1839588                    /lib/x86_64-linux-gnu/ld-2.23.so
7f38f8eb0000-7f38f8eb1000 rw-p 00026000 08:04 1839588                    /lib/x86_64-linux-gnu/ld-2.23.so
7f38f8eb1000-7f38f8eb2000 rw-p 00000000 00:00 0 
7fff80f5e000-7fff80f7f000 rw-p 00000000 00:00 0                          [stack]
7fff80f98000-7fff80f9a000 r--p 00000000 00:00 0                          [vvar]
7fff80f9a000-7fff80f9c000 r-xp 00000000 00:00 0                          [vdso]
ffffffffff600000-ffffffffff601000 r-xp 00000000 00:00 0                  [vsyscall]

VM Arguments:
jvm_args: -Djava.awt.headless=true -Xmx1024M -Dfile.encoding=UTF-8 -Duser.country=US -Duser.language=en -Duser.variant 
java_command: com.android.dx.command.Main --dex --force-jumbo --num-threads=4 --multi-dex --output /home/martin/Dropbox/current/AndroidStudioProjects/e-fluent/app/build/intermediates/transforms/dex/debug/folders/1000/10/com.android.support-appcompat-v7-23.4.0_77a3f654a0fc5223de46275bce142cbafdb1ddb5 /home/martin/Dropbox/current/AndroidStudioProjects/e-fluent/app/build/intermediates/exploded-aar/com.android.support/appcompat-v7/23.4.0/jars/classes.jar
java_class_path (initial): /home/martin/Android/Sdk/build-tools/23.0.3/lib/dx.jar
Launcher Type: SUN_STANDARD

Environment Variables:
PATH=/usr/local/sbin:/usr/local/bin:/usr/sbin:/usr/bin:/sbin:/bin:/usr/games:/usr/local/games:/snap/bin
LD_LIBRARY_PATH=/home/martin/Dropbox/current/android-studio/bin:
SHELL=/bin/bash
DISPLAY=:0

Signal Handlers:
SIGSEGV: [libjvm.so+0xabca10], sa_mask[0]=11111111011111111101111111111110, sa_flags=SA_RESTART|SA_SIGINFO
SIGBUS: [libjvm.so+0xabca10], sa_mask[0]=11111111011111111101111111111110, sa_flags=SA_RESTART|SA_SIGINFO
SIGFPE: [libjvm.so+0x919a20], sa_mask[0]=11111111011111111101111111111110, sa_flags=SA_RESTART|SA_SIGINFO
SIGPIPE: [libjvm.so+0x919a20], sa_mask[0]=11111111011111111101111111111110, sa_flags=SA_RESTART|SA_SIGINFO
SIGXFSZ: [libjvm.so+0x919a20], sa_mask[0]=11111111011111111101111111111110, sa_flags=SA_RESTART|SA_SIGINFO
SIGILL: [libjvm.so+0x919a20], sa_mask[0]=11111111011111111101111111111110, sa_flags=SA_RESTART|SA_SIGINFO
SIGUSR1: SIG_DFL, sa_mask[0]=00000000000000000000000000000000, sa_flags=none
SIGUSR2: [libjvm.so+0x91b050], sa_mask[0]=00100000000000000000000000000000, sa_flags=SA_RESTART|SA_SIGINFO
SIGHUP: [libjvm.so+0x91c450], sa_mask[0]=11111111011111111101111111111110, sa_flags=SA_RESTART|SA_SIGINFO
SIGINT: [libjvm.so+0x91c450], sa_mask[0]=11111111011111111101111111111110, sa_flags=SA_RESTART|SA_SIGINFO
SIGTERM: [libjvm.so+0x91c450], sa_mask[0]=11111111011111111101111111111110, sa_flags=SA_RESTART|SA_SIGINFO
SIGQUIT: [libjvm.so+0x91c450], sa_mask[0]=11111111011111111101111111111110, sa_flags=SA_RESTART|SA_SIGINFO


---------------  S Y S T E M  ---------------

OS:DISTRIB_ID=Ubuntu
DISTRIB_RELEASE=16.04
DISTRIB_CODENAME=xenial
DISTRIB_DESCRIPTION="Ubuntu 16.04 LTS"

uname:Linux 4.4.0-22-generic #39-Ubuntu SMP Thu May 5 16:53:32 UTC 2016 x86_64
libc:glibc 2.23 NPTL 2.23 
rlimit: STACK 8192k, CORE 0k, NPROC 29483, NOFILE 65536, AS infinity
load average:6,08 3,56 3,62

/proc/meminfo:
MemTotal:        7586480 kB
MemFree:           50232 kB
MemAvailable:     121940 kB
Buffers:            7748 kB
Cached:          1450836 kB
SwapCached:            0 kB
Active:          6053592 kB
Inactive:        1215844 kB
Active(anon):    6014764 kB
Inactive(anon):  1187296 kB
Active(file):      38828 kB
Inactive(file):    28548 kB
Unevictable:         592 kB
Mlocked:             592 kB
SwapTotal:             0 kB
SwapFree:              0 kB
Dirty:              3708 kB
Writeback:             0 kB
AnonPages:       5812296 kB
Mapped:           459268 kB
Shmem:           1390716 kB
Slab:              96616 kB
SReclaimable:      45312 kB
SUnreclaim:        51304 kB
KernelStack:       17744 kB
PageTables:        66952 kB
NFS_Unstable:          0 kB
Bounce:                0 kB
WritebackTmp:          0 kB
CommitLimit:     3793240 kB
Committed_AS:   14257020 kB
VmallocTotal:   34359738367 kB
VmallocUsed:           0 kB
VmallocChunk:          0 kB
HardwareCorrupted:     0 kB
AnonHugePages:   2394112 kB
CmaTotal:              0 kB
CmaFree:               0 kB
HugePages_Total:       0
HugePages_Free:        0
HugePages_Rsvd:        0
HugePages_Surp:        0
Hugepagesize:       2048 kB
DirectMap4k:      206336 kB
DirectMap2M:     7585792 kB
DirectMap1G:     1048576 kB


CPU:total 4 (2 cores per cpu, 2 threads per core) family 6 model 69 stepping 1, cmov, cx8, fxsr, mmx, sse, sse2, sse3, ssse3, sse4.1, sse4.2, popcnt, avx, avx2, aes, clmul, erms, lzcnt, ht, tsc, tscinvbit, bmi1, bmi2

/proc/cpuinfo:
processor	: 0
vendor_id	: GenuineIntel
cpu family	: 6
model		: 69
model name	: Intel(R) Core(TM) i5-4300U CPU @ 1.90GHz
stepping	: 1
microcode	: 0x1d
cpu MHz		: 2600.000
cache size	: 3072 KB
physical id	: 0
siblings	: 4
core id		: 0
cpu cores	: 2
apicid		: 0
initial apicid	: 0
fpu		: yes
fpu_exception	: yes
cpuid level	: 13
wp		: yes
flags		: fpu vme de pse tsc msr pae mce cx8 apic sep mtrr pge mca cmov pat pse36 clflush dts acpi mmx fxsr sse sse2 ss ht tm pbe syscall nx pdpe1gb rdtscp lm constant_tsc arch_perfmon pebs bts rep_good nopl xtopology nonstop_tsc aperfmperf eagerfpu pni pclmulqdq dtes64 monitor ds_cpl vmx smx est tm2 ssse3 sdbg fma cx16 xtpr pdcm pcid sse4_1 sse4_2 x2apic movbe popcnt tsc_deadline_timer aes xsave avx f16c rdrand lahf_lm abm epb tpr_shadow vnmi flexpriority ept vpid fsgsbase tsc_adjust bmi1 avx2 smep bmi2 erms invpcid xsaveopt dtherm ida arat pln pts
bugs		:
bogomips	: 4988.01
clflush size	: 64
cache_alignment	: 64
address sizes	: 39 bits physical, 48 bits virtual
power management:

processor	: 1
vendor_id	: GenuineIntel
cpu family	: 6
model		: 69
model name	: Intel(R) Core(TM) i5-4300U CPU @ 1.90GHz
stepping	: 1
microcode	: 0x1d
cpu MHz		: 2599.902
cache size	: 3072 KB
physical id	: 0
siblings	: 4
core id		: 0
cpu cores	: 2
apicid		: 1
initial apicid	: 1
fpu		: yes
fpu_exception	: yes
cpuid level	: 13
wp		: yes
flags		: fpu vme de pse tsc msr pae mce cx8 apic sep mtrr pge mca cmov pat pse36 clflush dts acpi mmx fxsr sse sse2 ss ht tm pbe syscall nx pdpe1gb rdtscp lm constant_tsc arch_perfmon pebs bts rep_good nopl xtopology nonstop_tsc aperfmperf eagerfpu pni pclmulqdq dtes64 monitor ds_cpl vmx smx est tm2 ssse3 sdbg fma cx16 xtpr pdcm pcid sse4_1 sse4_2 x2apic movbe popcnt tsc_deadline_timer aes xsave avx f16c rdrand lahf_lm abm epb tpr_shadow vnmi flexpriority ept vpid fsgsbase tsc_adjust bmi1 avx2 smep bmi2 erms invpcid xsaveopt dtherm ida arat pln pts
bugs		:
bogomips	: 4988.01
clflush size	: 64
cache_alignment	: 64
address sizes	: 39 bits physical, 48 bits virtual
power management:

processor	: 2
vendor_id	: GenuineIntel
cpu family	: 6
model		: 69
model name	: Intel(R) Core(TM) i5-4300U CPU @ 1.90GHz
stepping	: 1
microcode	: 0x1d
cpu MHz		: 2599.902
cache size	: 3072 KB
physical id	: 0
siblings	: 4
core id		: 1
cpu cores	: 2
apicid		: 2
initial apicid	: 2
fpu		: yes
fpu_exception	: yes
cpuid level	: 13
wp		: yes
flags		: fpu vme de pse tsc msr pae mce cx8 apic sep mtrr pge mca cmov pat pse36 clflush dts acpi mmx fxsr sse sse2 ss ht tm pbe syscall nx pdpe1gb rdtscp lm constant_tsc arch_perfmon pebs bts rep_good nopl xtopology nonstop_tsc aperfmperf eagerfpu pni pclmulqdq dtes64 monitor ds_cpl vmx smx est tm2 ssse3 sdbg fma cx16 xtpr pdcm pcid sse4_1 sse4_2 x2apic movbe popcnt tsc_deadline_timer aes xsave avx f16c rdrand lahf_lm abm epb tpr_shadow vnmi flexpriority ept vpid fsgsbase tsc_adjust bmi1 avx2 smep bmi2 erms invpcid xsaveopt dtherm ida arat pln pts
bugs		:
bogomips	: 4988.01
clflush size	: 64
cache_alignment	: 64
address sizes	: 39 bits physical, 48 bits virtual
power management:

processor	: 3
vendor_id	: GenuineIntel
cpu family	: 6
model		: 69
model name	: Intel(R) Core(TM) i5-4300U CPU @ 1.90GHz
stepping	: 1
microcode	: 0x1d
cpu MHz		: 2600.000
cache size	: 3072 KB
physical id	: 0
siblings	: 4
core id		: 1
cpu cores	: 2
apicid		: 3
initial apicid	: 3
fpu		: yes
fpu_exception	: yes
cpuid level	: 13
wp		: yes
flags		: fpu vme de pse tsc msr pae mce cx8 apic sep mtrr pge mca cmov pat pse36 clflush dts acpi mmx fxsr sse sse2 ss ht tm pbe syscall nx pdpe1gb rdtscp lm constant_tsc arch_perfmon pebs bts rep_good nopl xtopology nonstop_tsc aperfmperf eagerfpu pni pclmulqdq dtes64 monitor ds_cpl vmx smx est tm2 ssse3 sdbg fma cx16 xtpr pdcm pcid sse4_1 sse4_2 x2apic movbe popcnt tsc_deadline_timer aes xsave avx f16c rdrand lahf_lm abm epb tpr_shadow vnmi flexpriority ept vpid fsgsbase tsc_adjust bmi1 avx2 smep bmi2 erms invpcid xsaveopt dtherm ida arat pln pts
bugs		:
bogomips	: 4988.01
clflush size	: 64
cache_alignment	: 64
address sizes	: 39 bits physical, 48 bits virtual
power management:



Memory: 4k page, physical 7586480k(50232k free), swap 0k(0k free)

vm_info: Java HotSpot(TM) 64-Bit Server VM (25.91-b14) for linux-amd64 JRE (1.8.0_91-b14), built on Apr  1 2016 00:57:21 by "java_re" with gcc 4.3.0 20080428 (Red Hat 4.3.0-8)

time: Wed May 18 11:05:13 2016
elapsed time: 7 seconds (0d 0h 0m 7s)

